2017-11-10 23:28:55 [Test worker] INFO  c.p.a.PokharaInternetApplicationTests - Starting PokharaInternetApplicationTests on ashmeet-HP-Notebook with PID 30136 (started by ashmeet in /home/ashmeet/Intern Folder/PokharaInternet)
2017-11-10 23:28:55 [Test worker] INFO  c.p.a.PokharaInternetApplicationTests - No active profile set, falling back to default profiles: default
2017-11-10 23:28:55 [Test worker] INFO  o.s.w.c.s.GenericWebApplicationContext - Refreshing org.springframework.web.context.support.GenericWebApplicationContext@b34d4b9: startup date [Fri Nov 10 23:28:55 NPT 2017]; root of context hierarchy
2017-11-10 23:28:56 [Test worker] INFO  o.s.c.s.PostProcessorRegistrationDelegate$BeanPostProcessorChecker - Bean 'org.springframework.transaction.annotation.ProxyTransactionManagementConfiguration' of type [org.springframework.transaction.annotation.ProxyTransactionManagementConfiguration$$EnhancerBySpringCGLIB$$26663ba0] is not eligible for getting processed by all BeanPostProcessors (for example: not eligible for auto-proxying)
2017-11-10 23:28:56 [Test worker] INFO  o.s.c.s.PostProcessorRegistrationDelegate$BeanPostProcessorChecker - Bean 'org.springframework.security.config.annotation.configuration.ObjectPostProcessorConfiguration' of type [org.springframework.security.config.annotation.configuration.ObjectPostProcessorConfiguration$$EnhancerBySpringCGLIB$$bf1403da] is not eligible for getting processed by all BeanPostProcessors (for example: not eligible for auto-proxying)
2017-11-10 23:28:56 [Test worker] INFO  o.s.c.s.PostProcessorRegistrationDelegate$BeanPostProcessorChecker - Bean 'objectPostProcessor' of type [org.springframework.security.config.annotation.configuration.AutowireBeanFactoryObjectPostProcessor] is not eligible for getting processed by all BeanPostProcessors (for example: not eligible for auto-proxying)
2017-11-10 23:28:56 [Test worker] INFO  o.s.c.s.PostProcessorRegistrationDelegate$BeanPostProcessorChecker - Bean 'org.springframework.security.access.expression.method.DefaultMethodSecurityExpressionHandler@28756ef3' of type [org.springframework.security.access.expression.method.DefaultMethodSecurityExpressionHandler] is not eligible for getting processed by all BeanPostProcessors (for example: not eligible for auto-proxying)
2017-11-10 23:28:56 [Test worker] INFO  o.s.c.s.PostProcessorRegistrationDelegate$BeanPostProcessorChecker - Bean 'org.springframework.security.config.annotation.method.configuration.GlobalMethodSecurityConfiguration' of type [org.springframework.security.config.annotation.method.configuration.GlobalMethodSecurityConfiguration$$EnhancerBySpringCGLIB$$e3e8a68c] is not eligible for getting processed by all BeanPostProcessors (for example: not eligible for auto-proxying)
2017-11-10 23:28:56 [Test worker] INFO  o.s.c.s.PostProcessorRegistrationDelegate$BeanPostProcessorChecker - Bean 'methodSecurityMetadataSource' of type [org.springframework.security.access.method.DelegatingMethodSecurityMetadataSource] is not eligible for getting processed by all BeanPostProcessors (for example: not eligible for auto-proxying)
2017-11-10 23:28:57 [Test worker] INFO  liquibase - Successfully acquired change log lock
2017-11-10 23:28:58 [Test worker] INFO  liquibase - Reading from pinetdev.DATABASECHANGELOG
2017-11-10 23:28:58 [Test worker] INFO  liquibase - Successfully released change log lock
2017-11-10 23:28:58 [Test worker] INFO  o.s.o.j.LocalContainerEntityManagerFactoryBean - Building JPA container EntityManagerFactory for persistence unit 'default'
2017-11-10 23:28:58 [Test worker] INFO  o.h.jpa.internal.util.LogHelper - HHH000204: Processing PersistenceUnitInfo [
	name: default
	...]
2017-11-10 23:28:58 [Test worker] INFO  org.hibernate.Version - HHH000412: Hibernate Core {5.0.12.Final}
2017-11-10 23:28:58 [Test worker] INFO  org.hibernate.cfg.Environment - HHH000206: hibernate.properties not found
2017-11-10 23:28:58 [Test worker] INFO  org.hibernate.cfg.Environment - HHH000021: Bytecode provider name : javassist
2017-11-10 23:28:58 [Test worker] INFO  o.h.annotations.common.Version - HCANN000001: Hibernate Commons Annotations {5.0.1.Final}
2017-11-10 23:28:58 [Test worker] INFO  org.hibernate.dialect.Dialect - HHH000400: Using dialect: org.hibernate.dialect.MySQL5Dialect
2017-11-10 23:28:58 [Test worker] INFO  o.h.e.j.e.i.LobCreatorBuilderImpl - HHH000423: Disabling contextual LOB creation as JDBC driver reported JDBC version [3] less than 4
2017-11-10 23:28:59 [Test worker] INFO  org.hibernate.tuple.PojoInstantiator - HHH000182: No default (no-argument) constructor for class: com.pinet.app.entities.ClientDataEntity (class must be instantiated by Interceptor)
2017-11-10 23:28:59 [Test worker] INFO  o.s.o.j.LocalContainerEntityManagerFactoryBean - Initialized JPA EntityManagerFactory for persistence unit 'default'
2017-11-10 23:29:00 [Test worker] INFO  o.s.w.s.m.m.a.RequestMappingHandlerAdapter - Looking for @ControllerAdvice: org.springframework.web.context.support.GenericWebApplicationContext@b34d4b9: startup date [Fri Nov 10 23:28:55 NPT 2017]; root of context hierarchy
2017-11-10 23:29:00 [Test worker] INFO  o.s.w.s.m.m.a.RequestMappingHandlerMapping - Mapped "{[/client],methods=[POST],produces=[application/json]}" onto public org.springframework.http.ResponseEntity com.pinet.app.web.controller.ClientController.saveUserData(com.pinet.app.model.ClientVO,java.lang.String)
2017-11-10 23:29:00 [Test worker] INFO  o.s.w.s.m.m.a.RequestMappingHandlerMapping - Mapped "{[]}" onto public java.lang.String com.pinet.app.web.controller.DefaultController.testMessage()
2017-11-10 23:29:00 [Test worker] INFO  o.s.w.s.m.m.a.RequestMappingHandlerMapping - Mapped "{[/test]}" onto public java.lang.String com.pinet.app.web.controller.DefaultController.showAccess()
2017-11-10 23:29:00 [Test worker] INFO  o.s.w.s.m.m.a.RequestMappingHandlerMapping - Mapped "{[/user]}" onto public java.lang.String com.pinet.app.web.controller.DefaultController.showAccessToUser()
2017-11-10 23:29:00 [Test worker] INFO  o.s.w.s.m.m.a.RequestMappingHandlerMapping - Mapped "{[/admin]}" onto public java.lang.String com.pinet.app.web.controller.DefaultController.showAdminAccess()
2017-11-10 23:29:00 [Test worker] INFO  o.s.w.s.m.m.a.RequestMappingHandlerMapping - Mapped "{[/employeeinfo/employee],methods=[POST],produces=[application/json]}" onto public org.springframework.http.ResponseEntity com.pinet.app.web.controller.EmployeeInfoController.saveEmployeeInfo(com.pinet.app.model.EmployeeInfoVO,java.lang.String)
2017-11-10 23:29:00 [Test worker] INFO  o.s.w.s.m.m.a.RequestMappingHandlerMapping - Mapped "{[/employeeinfo/employees],methods=[GET],produces=[application/json]}" onto public org.springframework.http.ResponseEntity com.pinet.app.web.controller.EmployeeInfoController.getAllEmployees()
2017-11-10 23:29:00 [Test worker] INFO  o.s.w.s.m.m.a.RequestMappingHandlerMapping - Mapped "{[/employeeinfo/employee/{employeeId}],methods=[GET],produces=[application/json]}" onto public org.springframework.http.ResponseEntity com.pinet.app.web.controller.EmployeeInfoController.getEmployeeById(java.lang.Integer)
2017-11-10 23:29:00 [Test worker] INFO  o.s.w.s.m.m.a.RequestMappingHandlerMapping - Mapped "{[/employeeinfo/employee/{employeeid}],methods=[PUT],produces=[application/json]}" onto public org.springframework.http.ResponseEntity com.pinet.app.web.controller.EmployeeInfoController.updateUserData(com.pinet.app.model.EmployeeInfoVO,java.lang.Integer,java.lang.String)
2017-11-10 23:29:00 [Test worker] INFO  o.s.w.s.m.m.a.RequestMappingHandlerMapping - Mapped "{[/employeeinfo/employee/{employeeId}],methods=[DELETE],produces=[application/json]}" onto public org.springframework.http.ResponseEntity com.pinet.app.web.controller.EmployeeInfoController.deleteUserById(java.lang.Integer)
2017-11-10 23:29:00 [Test worker] INFO  o.s.w.s.m.m.a.RequestMappingHandlerMapping - Mapped "{[/employeeroles/roles/{employeeId}],methods=[POST],produces=[application/json]}" onto public org.springframework.http.ResponseEntity com.pinet.app.web.controller.EmployeeRolesController.saveEmployeeInfo(com.pinet.app.model.EmployeeRolesVo,java.lang.Integer,java.lang.String)
2017-11-10 23:29:00 [Test worker] INFO  o.s.w.s.m.m.a.RequestMappingHandlerMapping - Mapped "{[/employeeroles/employee/{employeeid}],methods=[PUT],produces=[application/json]}" onto public org.springframework.http.ResponseEntity com.pinet.app.web.controller.EmployeeRolesController.updateEmployeeRolesData(com.pinet.app.model.EmployeeRolesVo,java.lang.Integer,java.lang.String)
2017-11-10 23:29:00 [Test worker] INFO  o.s.w.s.m.m.a.RequestMappingHandlerMapping - Mapped "{[/employeeroles/employee/{employeeId}],methods=[GET],produces=[application/json]}" onto public org.springframework.http.ResponseEntity com.pinet.app.web.controller.EmployeeRolesController.getEmployeeRolesById(java.lang.Integer)
2017-11-10 23:29:00 [Test worker] INFO  o.s.w.s.m.m.a.RequestMappingHandlerMapping - Mapped "{[/employeeroles/employee/{employeeId}],methods=[DELETE],produces=[application/json]}" onto public org.springframework.http.ResponseEntity com.pinet.app.web.controller.EmployeeRolesController.deleteUserById(java.lang.Integer)
2017-11-10 23:29:00 [Test worker] INFO  o.s.w.s.m.m.a.RequestMappingHandlerMapping - Mapped "{[/servicetype/searchbyservice/{serviceType}],methods=[GET],produces=[application/json]}" onto public org.springframework.http.ResponseEntity com.pinet.app.web.controller.ServiceTypeController.getServicesByServiceType(java.lang.String)
2017-11-10 23:29:00 [Test worker] INFO  o.s.w.s.m.m.a.RequestMappingHandlerMapping - Mapped "{[/servicetype/searchbybandwidth/{bandwidth}],methods=[GET],produces=[application/json]}" onto public org.springframework.http.ResponseEntity com.pinet.app.web.controller.ServiceTypeController.getServicesByBandwidth(java.lang.String)
2017-11-10 23:29:00 [Test worker] INFO  o.s.w.s.m.m.a.RequestMappingHandlerMapping - Mapped "{[/servicetype],methods=[POST],produces=[application/json]}" onto public org.springframework.http.ResponseEntity com.pinet.app.web.controller.ServiceTypeController.saveServiceType(java.lang.String,java.lang.String)
2017-11-10 23:29:00 [Test worker] INFO  o.s.w.s.m.m.a.RequestMappingHandlerMapping - Mapped "{[/servicetype],methods=[GET],produces=[application/json]}" onto public org.springframework.http.ResponseEntity com.pinet.app.web.controller.ServiceTypeController.getServices()
2017-11-10 23:29:00 [Test worker] INFO  o.s.w.s.m.m.a.RequestMappingHandlerMapping - Mapped "{[/userservice],methods=[POST],produces=[application/json]}" onto public org.springframework.http.ResponseEntity com.pinet.app.web.controller.UserServicesController.saveUserServiceData(com.pinet.app.model.UserServiceVo,java.lang.String)
2017-11-10 23:29:00 [Test worker] INFO  o.s.w.s.m.m.a.RequestMappingHandlerMapping - Mapped "{[/error],produces=[text/html]}" onto public org.springframework.web.servlet.ModelAndView org.springframework.boot.autoconfigure.web.BasicErrorController.errorHtml(javax.servlet.http.HttpServletRequest,javax.servlet.http.HttpServletResponse)
2017-11-10 23:29:00 [Test worker] INFO  o.s.w.s.m.m.a.RequestMappingHandlerMapping - Mapped "{[/error]}" onto public org.springframework.http.ResponseEntity<java.util.Map<java.lang.String, java.lang.Object>> org.springframework.boot.autoconfigure.web.BasicErrorController.error(javax.servlet.http.HttpServletRequest)
2017-11-10 23:29:00 [Test worker] INFO  o.s.w.s.h.SimpleUrlHandlerMapping - Mapped URL path [/webjars/**] onto handler of type [class org.springframework.web.servlet.resource.ResourceHttpRequestHandler]
2017-11-10 23:29:00 [Test worker] INFO  o.s.w.s.h.SimpleUrlHandlerMapping - Mapped URL path [/**] onto handler of type [class org.springframework.web.servlet.resource.ResourceHttpRequestHandler]
2017-11-10 23:29:00 [Test worker] INFO  o.s.w.s.h.SimpleUrlHandlerMapping - Mapped URL path [/**/favicon.ico] onto handler of type [class org.springframework.web.servlet.resource.ResourceHttpRequestHandler]
2017-11-10 23:29:00 [Test worker] WARN  o.s.b.a.t.AbstractTemplateResolverConfiguration - Cannot find template location: classpath:/templates/ (please add some templates or check your Thymeleaf configuration)
2017-11-10 23:29:01 [Test worker] INFO  o.s.s.web.DefaultSecurityFilterChain - Creating filter chain: OrRequestMatcher [requestMatchers=[Ant [pattern='/css/**'], Ant [pattern='/js/**'], Ant [pattern='/images/**'], Ant [pattern='/webjars/**'], Ant [pattern='/**/favicon.ico'], Ant [pattern='/error']]], []
2017-11-10 23:29:01 [Test worker] INFO  o.s.s.web.DefaultSecurityFilterChain - Creating filter chain: org.springframework.security.web.util.matcher.AnyRequestMatcher@1, [org.springframework.security.web.context.request.async.WebAsyncManagerIntegrationFilter@29b2a3f2, org.springframework.security.web.context.SecurityContextPersistenceFilter@27e15dd8, org.springframework.security.web.header.HeaderWriterFilter@3d939986, org.springframework.security.web.authentication.logout.LogoutFilter@65969ee8, org.springframework.security.web.authentication.UsernamePasswordAuthenticationFilter@48f4afe0, org.springframework.security.web.authentication.ui.DefaultLoginPageGeneratingFilter@7cf81b1e, org.springframework.security.web.savedrequest.RequestCacheAwareFilter@2df45bc, org.springframework.security.web.servletapi.SecurityContextHolderAwareRequestFilter@57fbcc6d, org.springframework.security.web.authentication.AnonymousAuthenticationFilter@46746627, org.springframework.security.web.session.SessionManagementFilter@41993887, org.springframework.security.web.access.ExceptionTranslationFilter@63de7e06, org.springframework.security.web.access.intercept.FilterSecurityInterceptor@73a0b982]
2017-11-10 23:29:01 [Test worker] INFO  o.s.s.web.DefaultSecurityFilterChain - Creating filter chain: OrRequestMatcher [requestMatchers=[Ant [pattern='/**']]], [org.springframework.security.web.context.request.async.WebAsyncManagerIntegrationFilter@2951d2c8, org.springframework.security.web.context.SecurityContextPersistenceFilter@3dece5e4, org.springframework.security.web.header.HeaderWriterFilter@7c035aa7, org.springframework.security.web.authentication.logout.LogoutFilter@2788d295, org.springframework.security.web.authentication.www.BasicAuthenticationFilter@6095c9a6, org.springframework.security.web.savedrequest.RequestCacheAwareFilter@36824f12, org.springframework.security.web.servletapi.SecurityContextHolderAwareRequestFilter@5032fd07, org.springframework.security.web.authentication.AnonymousAuthenticationFilter@62d83a75, org.springframework.security.web.session.SessionManagementFilter@5a3a79d2, org.springframework.security.web.access.ExceptionTranslationFilter@25e5c013, org.springframework.security.web.access.intercept.FilterSecurityInterceptor@6bb56f89]
2017-11-10 23:29:01 [Test worker] INFO  c.p.a.PokharaInternetApplicationTests - Started PokharaInternetApplicationTests in 6.684 seconds (JVM running for 7.777)
2017-11-10 23:29:01 [Thread-6] INFO  o.s.w.c.s.GenericWebApplicationContext - Closing org.springframework.web.context.support.GenericWebApplicationContext@b34d4b9: startup date [Fri Nov 10 23:28:55 NPT 2017]; root of context hierarchy
2017-11-10 23:29:01 [Thread-6] INFO  o.s.o.j.LocalContainerEntityManagerFactoryBean - Closing JPA EntityManagerFactory for persistence unit 'default'
2017-11-10 23:29:02 [main] INFO  c.p.app.PokharaInternetApplication - Starting PokharaInternetApplication on ashmeet-HP-Notebook with PID 30175 (started by ashmeet in /home/ashmeet/Intern Folder/PokharaInternet)
2017-11-10 23:29:02 [main] INFO  c.p.app.PokharaInternetApplication - No active profile set, falling back to default profiles: default
2017-11-10 23:29:02 [main] INFO  o.s.b.c.e.AnnotationConfigEmbeddedWebApplicationContext - Refreshing org.springframework.boot.context.embedded.AnnotationConfigEmbeddedWebApplicationContext@388526fb: startup date [Fri Nov 10 23:29:02 NPT 2017]; root of context hierarchy
2017-11-10 23:29:03 [main] INFO  o.s.c.s.PostProcessorRegistrationDelegate$BeanPostProcessorChecker - Bean 'org.springframework.transaction.annotation.ProxyTransactionManagementConfiguration' of type [org.springframework.transaction.annotation.ProxyTransactionManagementConfiguration$$EnhancerBySpringCGLIB$$2a0e1578] is not eligible for getting processed by all BeanPostProcessors (for example: not eligible for auto-proxying)
2017-11-10 23:29:03 [main] INFO  o.s.c.s.PostProcessorRegistrationDelegate$BeanPostProcessorChecker - Bean 'org.springframework.security.config.annotation.configuration.ObjectPostProcessorConfiguration' of type [org.springframework.security.config.annotation.configuration.ObjectPostProcessorConfiguration$$EnhancerBySpringCGLIB$$c2bbddb2] is not eligible for getting processed by all BeanPostProcessors (for example: not eligible for auto-proxying)
2017-11-10 23:29:04 [main] INFO  o.s.c.s.PostProcessorRegistrationDelegate$BeanPostProcessorChecker - Bean 'objectPostProcessor' of type [org.springframework.security.config.annotation.configuration.AutowireBeanFactoryObjectPostProcessor] is not eligible for getting processed by all BeanPostProcessors (for example: not eligible for auto-proxying)
2017-11-10 23:29:04 [main] INFO  o.s.c.s.PostProcessorRegistrationDelegate$BeanPostProcessorChecker - Bean 'org.springframework.security.access.expression.method.DefaultMethodSecurityExpressionHandler@3ad4a7d6' of type [org.springframework.security.access.expression.method.DefaultMethodSecurityExpressionHandler] is not eligible for getting processed by all BeanPostProcessors (for example: not eligible for auto-proxying)
2017-11-10 23:29:04 [main] INFO  o.s.c.s.PostProcessorRegistrationDelegate$BeanPostProcessorChecker - Bean 'org.springframework.security.config.annotation.method.configuration.GlobalMethodSecurityConfiguration' of type [org.springframework.security.config.annotation.method.configuration.GlobalMethodSecurityConfiguration$$EnhancerBySpringCGLIB$$e7908064] is not eligible for getting processed by all BeanPostProcessors (for example: not eligible for auto-proxying)
2017-11-10 23:29:04 [main] INFO  o.s.c.s.PostProcessorRegistrationDelegate$BeanPostProcessorChecker - Bean 'methodSecurityMetadataSource' of type [org.springframework.security.access.method.DelegatingMethodSecurityMetadataSource] is not eligible for getting processed by all BeanPostProcessors (for example: not eligible for auto-proxying)
2017-11-10 23:29:04 [main] INFO  o.s.b.c.e.t.TomcatEmbeddedServletContainer - Tomcat initialized with port(s): 8080 (http)
2017-11-10 23:29:04 [main] INFO  o.a.catalina.core.StandardService - Starting service Tomcat
2017-11-10 23:29:04 [main] INFO  o.a.catalina.core.StandardEngine - Starting Servlet Engine: Apache Tomcat/8.5.11
2017-11-10 23:29:04 [localhost-startStop-1] INFO  o.a.c.c.C.[Tomcat].[localhost].[/] - Initializing Spring embedded WebApplicationContext
2017-11-10 23:29:04 [localhost-startStop-1] INFO  o.s.web.context.ContextLoader - Root WebApplicationContext: initialization completed in 1737 ms
2017-11-10 23:29:04 [localhost-startStop-1] INFO  o.s.b.w.s.FilterRegistrationBean - Mapping filter: 'characterEncodingFilter' to: [/*]
2017-11-10 23:29:04 [localhost-startStop-1] INFO  o.s.b.w.s.FilterRegistrationBean - Mapping filter: 'hiddenHttpMethodFilter' to: [/*]
2017-11-10 23:29:04 [localhost-startStop-1] INFO  o.s.b.w.s.FilterRegistrationBean - Mapping filter: 'httpPutFormContentFilter' to: [/*]
2017-11-10 23:29:04 [localhost-startStop-1] INFO  o.s.b.w.s.FilterRegistrationBean - Mapping filter: 'requestContextFilter' to: [/*]
2017-11-10 23:29:04 [localhost-startStop-1] INFO  o.s.b.w.s.DelegatingFilterProxyRegistrationBean - Mapping filter: 'springSecurityFilterChain' to: [/*]
2017-11-10 23:29:04 [localhost-startStop-1] INFO  o.s.b.w.s.ServletRegistrationBean - Mapping servlet: 'dispatcherServlet' to [/]
2017-11-10 23:29:05 [main] INFO  liquibase - Successfully acquired change log lock
2017-11-10 23:29:06 [main] INFO  liquibase - Reading from pinetdev.DATABASECHANGELOG
2017-11-10 23:29:06 [main] INFO  liquibase - Successfully released change log lock
2017-11-10 23:29:06 [main] INFO  o.s.o.j.LocalContainerEntityManagerFactoryBean - Building JPA container EntityManagerFactory for persistence unit 'default'
2017-11-10 23:29:06 [main] INFO  o.h.jpa.internal.util.LogHelper - HHH000204: Processing PersistenceUnitInfo [
	name: default
	...]
2017-11-10 23:29:06 [main] INFO  org.hibernate.Version - HHH000412: Hibernate Core {5.0.12.Final}
2017-11-10 23:29:06 [main] INFO  org.hibernate.cfg.Environment - HHH000206: hibernate.properties not found
2017-11-10 23:29:06 [main] INFO  org.hibernate.cfg.Environment - HHH000021: Bytecode provider name : javassist
2017-11-10 23:29:06 [main] INFO  o.h.annotations.common.Version - HCANN000001: Hibernate Commons Annotations {5.0.1.Final}
2017-11-10 23:29:06 [main] INFO  org.hibernate.dialect.Dialect - HHH000400: Using dialect: org.hibernate.dialect.MySQL5Dialect
2017-11-10 23:29:06 [main] INFO  o.h.e.j.e.i.LobCreatorBuilderImpl - HHH000423: Disabling contextual LOB creation as JDBC driver reported JDBC version [3] less than 4
2017-11-10 23:29:06 [main] INFO  org.hibernate.tuple.PojoInstantiator - HHH000182: No default (no-argument) constructor for class: com.pinet.app.entities.ClientDataEntity (class must be instantiated by Interceptor)
2017-11-10 23:29:07 [main] INFO  o.s.o.j.LocalContainerEntityManagerFactoryBean - Initialized JPA EntityManagerFactory for persistence unit 'default'
2017-11-10 23:29:07 [main] INFO  o.s.w.s.m.m.a.RequestMappingHandlerAdapter - Looking for @ControllerAdvice: org.springframework.boot.context.embedded.AnnotationConfigEmbeddedWebApplicationContext@388526fb: startup date [Fri Nov 10 23:29:02 NPT 2017]; root of context hierarchy
2017-11-10 23:29:07 [main] INFO  o.s.w.s.m.m.a.RequestMappingHandlerMapping - Mapped "{[/client],methods=[POST],produces=[application/json]}" onto public org.springframework.http.ResponseEntity com.pinet.app.web.controller.ClientController.saveUserData(com.pinet.app.model.ClientVO,java.lang.String)
2017-11-10 23:29:07 [main] INFO  o.s.w.s.m.m.a.RequestMappingHandlerMapping - Mapped "{[]}" onto public java.lang.String com.pinet.app.web.controller.DefaultController.testMessage()
2017-11-10 23:29:07 [main] INFO  o.s.w.s.m.m.a.RequestMappingHandlerMapping - Mapped "{[/test]}" onto public java.lang.String com.pinet.app.web.controller.DefaultController.showAccess()
2017-11-10 23:29:07 [main] INFO  o.s.w.s.m.m.a.RequestMappingHandlerMapping - Mapped "{[/user]}" onto public java.lang.String com.pinet.app.web.controller.DefaultController.showAccessToUser()
2017-11-10 23:29:07 [main] INFO  o.s.w.s.m.m.a.RequestMappingHandlerMapping - Mapped "{[/admin]}" onto public java.lang.String com.pinet.app.web.controller.DefaultController.showAdminAccess()
2017-11-10 23:29:07 [main] INFO  o.s.w.s.m.m.a.RequestMappingHandlerMapping - Mapped "{[/employeeinfo/employee],methods=[POST],produces=[application/json]}" onto public org.springframework.http.ResponseEntity com.pinet.app.web.controller.EmployeeInfoController.saveEmployeeInfo(com.pinet.app.model.EmployeeInfoVO,java.lang.String)
2017-11-10 23:29:07 [main] INFO  o.s.w.s.m.m.a.RequestMappingHandlerMapping - Mapped "{[/employeeinfo/employees],methods=[GET],produces=[application/json]}" onto public org.springframework.http.ResponseEntity com.pinet.app.web.controller.EmployeeInfoController.getAllEmployees()
2017-11-10 23:29:07 [main] INFO  o.s.w.s.m.m.a.RequestMappingHandlerMapping - Mapped "{[/employeeinfo/employee/{employeeId}],methods=[GET],produces=[application/json]}" onto public org.springframework.http.ResponseEntity com.pinet.app.web.controller.EmployeeInfoController.getEmployeeById(java.lang.Integer)
2017-11-10 23:29:07 [main] INFO  o.s.w.s.m.m.a.RequestMappingHandlerMapping - Mapped "{[/employeeinfo/employee/{employeeid}],methods=[PUT],produces=[application/json]}" onto public org.springframework.http.ResponseEntity com.pinet.app.web.controller.EmployeeInfoController.updateUserData(com.pinet.app.model.EmployeeInfoVO,java.lang.Integer,java.lang.String)
2017-11-10 23:29:07 [main] INFO  o.s.w.s.m.m.a.RequestMappingHandlerMapping - Mapped "{[/employeeinfo/employee/{employeeId}],methods=[DELETE],produces=[application/json]}" onto public org.springframework.http.ResponseEntity com.pinet.app.web.controller.EmployeeInfoController.deleteUserById(java.lang.Integer)
2017-11-10 23:29:07 [main] INFO  o.s.w.s.m.m.a.RequestMappingHandlerMapping - Mapped "{[/employeeroles/roles/{employeeId}],methods=[POST],produces=[application/json]}" onto public org.springframework.http.ResponseEntity com.pinet.app.web.controller.EmployeeRolesController.saveEmployeeInfo(com.pinet.app.model.EmployeeRolesVo,java.lang.Integer,java.lang.String)
2017-11-10 23:29:07 [main] INFO  o.s.w.s.m.m.a.RequestMappingHandlerMapping - Mapped "{[/employeeroles/employee/{employeeid}],methods=[PUT],produces=[application/json]}" onto public org.springframework.http.ResponseEntity com.pinet.app.web.controller.EmployeeRolesController.updateEmployeeRolesData(com.pinet.app.model.EmployeeRolesVo,java.lang.Integer,java.lang.String)
2017-11-10 23:29:07 [main] INFO  o.s.w.s.m.m.a.RequestMappingHandlerMapping - Mapped "{[/employeeroles/employee/{employeeId}],methods=[GET],produces=[application/json]}" onto public org.springframework.http.ResponseEntity com.pinet.app.web.controller.EmployeeRolesController.getEmployeeRolesById(java.lang.Integer)
2017-11-10 23:29:07 [main] INFO  o.s.w.s.m.m.a.RequestMappingHandlerMapping - Mapped "{[/employeeroles/employee/{employeeId}],methods=[DELETE],produces=[application/json]}" onto public org.springframework.http.ResponseEntity com.pinet.app.web.controller.EmployeeRolesController.deleteUserById(java.lang.Integer)
2017-11-10 23:29:07 [main] INFO  o.s.w.s.m.m.a.RequestMappingHandlerMapping - Mapped "{[/servicetype],methods=[POST],produces=[application/json]}" onto public org.springframework.http.ResponseEntity com.pinet.app.web.controller.ServiceTypeController.saveServiceType(java.lang.String,java.lang.String)
2017-11-10 23:29:07 [main] INFO  o.s.w.s.m.m.a.RequestMappingHandlerMapping - Mapped "{[/servicetype],methods=[GET],produces=[application/json]}" onto public org.springframework.http.ResponseEntity com.pinet.app.web.controller.ServiceTypeController.getServices()
2017-11-10 23:29:07 [main] INFO  o.s.w.s.m.m.a.RequestMappingHandlerMapping - Mapped "{[/servicetype/searchbyservice/{serviceType}],methods=[GET],produces=[application/json]}" onto public org.springframework.http.ResponseEntity com.pinet.app.web.controller.ServiceTypeController.getServicesByServiceType(java.lang.String)
2017-11-10 23:29:07 [main] INFO  o.s.w.s.m.m.a.RequestMappingHandlerMapping - Mapped "{[/servicetype/searchbybandwidth/{bandwidth}],methods=[GET],produces=[application/json]}" onto public org.springframework.http.ResponseEntity com.pinet.app.web.controller.ServiceTypeController.getServicesByBandwidth(java.lang.String)
2017-11-10 23:29:07 [main] INFO  o.s.w.s.m.m.a.RequestMappingHandlerMapping - Mapped "{[/userservice],methods=[POST],produces=[application/json]}" onto public org.springframework.http.ResponseEntity com.pinet.app.web.controller.UserServicesController.saveUserServiceData(com.pinet.app.model.UserServiceVo,java.lang.String)
2017-11-10 23:29:07 [main] INFO  o.s.w.s.m.m.a.RequestMappingHandlerMapping - Mapped "{[/error],produces=[text/html]}" onto public org.springframework.web.servlet.ModelAndView org.springframework.boot.autoconfigure.web.BasicErrorController.errorHtml(javax.servlet.http.HttpServletRequest,javax.servlet.http.HttpServletResponse)
2017-11-10 23:29:07 [main] INFO  o.s.w.s.m.m.a.RequestMappingHandlerMapping - Mapped "{[/error]}" onto public org.springframework.http.ResponseEntity<java.util.Map<java.lang.String, java.lang.Object>> org.springframework.boot.autoconfigure.web.BasicErrorController.error(javax.servlet.http.HttpServletRequest)
2017-11-10 23:29:08 [main] INFO  o.s.w.s.h.SimpleUrlHandlerMapping - Mapped URL path [/webjars/**] onto handler of type [class org.springframework.web.servlet.resource.ResourceHttpRequestHandler]
2017-11-10 23:29:08 [main] INFO  o.s.w.s.h.SimpleUrlHandlerMapping - Mapped URL path [/**] onto handler of type [class org.springframework.web.servlet.resource.ResourceHttpRequestHandler]
2017-11-10 23:29:08 [main] INFO  o.s.w.s.h.SimpleUrlHandlerMapping - Mapped URL path [/**/favicon.ico] onto handler of type [class org.springframework.web.servlet.resource.ResourceHttpRequestHandler]
2017-11-10 23:29:08 [main] WARN  o.s.b.a.t.AbstractTemplateResolverConfiguration - Cannot find template location: classpath:/templates/ (please add some templates or check your Thymeleaf configuration)
2017-11-10 23:29:08 [main] INFO  o.s.s.web.DefaultSecurityFilterChain - Creating filter chain: OrRequestMatcher [requestMatchers=[Ant [pattern='/css/**'], Ant [pattern='/js/**'], Ant [pattern='/images/**'], Ant [pattern='/webjars/**'], Ant [pattern='/**/favicon.ico'], Ant [pattern='/error']]], []
2017-11-10 23:29:08 [main] INFO  o.s.s.web.DefaultSecurityFilterChain - Creating filter chain: org.springframework.security.web.util.matcher.AnyRequestMatcher@1, [org.springframework.security.web.context.request.async.WebAsyncManagerIntegrationFilter@49392256, org.springframework.security.web.context.SecurityContextPersistenceFilter@5bc40f5d, org.springframework.security.web.header.HeaderWriterFilter@10f192d8, org.springframework.security.web.authentication.logout.LogoutFilter@7da1ef46, org.springframework.security.web.authentication.UsernamePasswordAuthenticationFilter@5c41f6a0, org.springframework.security.web.authentication.ui.DefaultLoginPageGeneratingFilter@5b9df3b3, org.springframework.security.web.savedrequest.RequestCacheAwareFilter@5b2c41f9, org.springframework.security.web.servletapi.SecurityContextHolderAwareRequestFilter@3810806c, org.springframework.security.web.authentication.AnonymousAuthenticationFilter@5a23b9d1, org.springframework.security.web.session.SessionManagementFilter@3c38e2bf, org.springframework.security.web.access.ExceptionTranslationFilter@17d45cfb, org.springframework.security.web.access.intercept.FilterSecurityInterceptor@17c72ffa]
2017-11-10 23:29:08 [main] INFO  o.s.s.web.DefaultSecurityFilterChain - Creating filter chain: OrRequestMatcher [requestMatchers=[Ant [pattern='/**']]], [org.springframework.security.web.context.request.async.WebAsyncManagerIntegrationFilter@52a3eef8, org.springframework.security.web.context.SecurityContextPersistenceFilter@3777fc44, org.springframework.security.web.header.HeaderWriterFilter@1fc386f8, org.springframework.security.web.authentication.logout.LogoutFilter@1574f323, org.springframework.security.web.authentication.www.BasicAuthenticationFilter@78ab63b5, org.springframework.security.web.savedrequest.RequestCacheAwareFilter@79454d8e, org.springframework.security.web.servletapi.SecurityContextHolderAwareRequestFilter@7ab2e018, org.springframework.security.web.authentication.AnonymousAuthenticationFilter@37d8562f, org.springframework.security.web.session.SessionManagementFilter@7eb94590, org.springframework.security.web.access.ExceptionTranslationFilter@576323ff, org.springframework.security.web.access.intercept.FilterSecurityInterceptor@48a61e38]
2017-11-10 23:29:08 [main] INFO  o.s.j.e.a.AnnotationMBeanExporter - Registering beans for JMX exposure on startup
2017-11-10 23:29:09 [main] INFO  o.s.b.c.e.t.TomcatEmbeddedServletContainer - Tomcat started on port(s): 8080 (http)
2017-11-10 23:29:09 [main] INFO  c.p.app.PokharaInternetApplication - Started PokharaInternetApplication in 7.199 seconds (JVM running for 7.459)
2017-11-10 23:29:09 [main] ERROR c.p.app.PokharaInternetApplication - Logger Error message
2017-11-10 23:29:09 [main] WARN  c.p.app.PokharaInternetApplication - Logger Warn message
2017-11-10 23:29:09 [main] INFO  c.p.app.PokharaInternetApplication - Logger Info message
2017-11-10 23:34:18 [Thread-4] INFO  o.s.b.c.e.AnnotationConfigEmbeddedWebApplicationContext - Closing org.springframework.boot.context.embedded.AnnotationConfigEmbeddedWebApplicationContext@388526fb: startup date [Fri Nov 10 23:29:02 NPT 2017]; root of context hierarchy
2017-11-10 23:34:18 [Thread-4] INFO  o.s.j.e.a.AnnotationMBeanExporter - Unregistering JMX-exposed beans on shutdown
2017-11-10 23:34:18 [Thread-4] INFO  o.s.o.j.LocalContainerEntityManagerFactoryBean - Closing JPA EntityManagerFactory for persistence unit 'default'
