2017-11-12 14:34:18 [Test worker] INFO  c.p.a.PokharaInternetApplicationTests - Starting PokharaInternetApplicationTests on SamuroPC with PID 18744 (started by bijesh in C:\Dev\gitRepo\PokharaInternet)
2017-11-12 14:34:18 [Test worker] INFO  c.p.a.PokharaInternetApplicationTests - No active profile set, falling back to default profiles: default
2017-11-12 14:34:18 [Test worker] INFO  o.s.w.c.s.GenericWebApplicationContext - Refreshing org.springframework.web.context.support.GenericWebApplicationContext@710bc6c2: startup date [Sun Nov 12 14:34:18 NPT 2017]; root of context hierarchy
2017-11-12 14:34:24 [Test worker] INFO  o.s.c.s.PostProcessorRegistrationDelegate$BeanPostProcessorChecker - Bean 'org.springframework.transaction.annotation.ProxyTransactionManagementConfiguration' of type [org.springframework.transaction.annotation.ProxyTransactionManagementConfiguration$$EnhancerBySpringCGLIB$$460b287f] is not eligible for getting processed by all BeanPostProcessors (for example: not eligible for auto-proxying)
2017-11-12 14:34:25 [Test worker] INFO  o.s.c.s.PostProcessorRegistrationDelegate$BeanPostProcessorChecker - Bean 'org.springframework.security.config.annotation.configuration.ObjectPostProcessorConfiguration' of type [org.springframework.security.config.annotation.configuration.ObjectPostProcessorConfiguration$$EnhancerBySpringCGLIB$$deb8f0b9] is not eligible for getting processed by all BeanPostProcessors (for example: not eligible for auto-proxying)
2017-11-12 14:34:25 [Test worker] INFO  o.s.c.s.PostProcessorRegistrationDelegate$BeanPostProcessorChecker - Bean 'objectPostProcessor' of type [org.springframework.security.config.annotation.configuration.AutowireBeanFactoryObjectPostProcessor] is not eligible for getting processed by all BeanPostProcessors (for example: not eligible for auto-proxying)
2017-11-12 14:34:25 [Test worker] INFO  o.s.c.s.PostProcessorRegistrationDelegate$BeanPostProcessorChecker - Bean 'org.springframework.security.access.expression.method.DefaultMethodSecurityExpressionHandler@6509993a' of type [org.springframework.security.access.expression.method.DefaultMethodSecurityExpressionHandler] is not eligible for getting processed by all BeanPostProcessors (for example: not eligible for auto-proxying)
2017-11-12 14:34:25 [Test worker] INFO  o.s.c.s.PostProcessorRegistrationDelegate$BeanPostProcessorChecker - Bean 'org.springframework.security.config.annotation.method.configuration.GlobalMethodSecurityConfiguration' of type [org.springframework.security.config.annotation.method.configuration.GlobalMethodSecurityConfiguration$$EnhancerBySpringCGLIB$$38d936b] is not eligible for getting processed by all BeanPostProcessors (for example: not eligible for auto-proxying)
2017-11-12 14:34:25 [Test worker] INFO  o.s.c.s.PostProcessorRegistrationDelegate$BeanPostProcessorChecker - Bean 'methodSecurityMetadataSource' of type [org.springframework.security.access.method.DelegatingMethodSecurityMetadataSource] is not eligible for getting processed by all BeanPostProcessors (for example: not eligible for auto-proxying)
2017-11-12 14:34:29 [Test worker] INFO  liquibase - Successfully acquired change log lock
2017-11-12 14:34:32 [Test worker] INFO  liquibase - Creating database history table with name: pinetdev.DATABASECHANGELOG
2017-11-12 14:34:32 [Test worker] INFO  liquibase - Reading from pinetdev.DATABASECHANGELOG
2017-11-12 14:34:32 [Test worker] WARN  liquibase - modifyDataType will lose primary key/autoincrement/not null settings for mysql.  Use <sql> and re-specify all configuration if this is the case
2017-11-12 14:34:32 [Test worker] WARN  liquibase - modifyDataType will lose primary key/autoincrement/not null settings for mysql.  Use <sql> and re-specify all configuration if this is the case
2017-11-12 14:34:32 [Test worker] INFO  liquibase - classpath:db/changelog/changelog.xml: classpath:db/changelog/db.changelog-master.yaml::Create_ServiceType::bpalikhe: Table service_type created
2017-11-12 14:34:32 [Test worker] INFO  liquibase - classpath:db/changelog/changelog.xml: classpath:db/changelog/db.changelog-master.yaml::Create_ServiceType::bpalikhe: ChangeSet classpath:db/changelog/db.changelog-master.yaml::Create_ServiceType::bpalikhe ran successfully in 217ms
2017-11-12 14:34:32 [Test worker] INFO  liquibase - classpath:db/changelog/changelog.xml: classpath:db/changelog/db.changelog-master.yaml::create_userData::bpalikhe: Table user_data created
2017-11-12 14:34:32 [Test worker] INFO  liquibase - classpath:db/changelog/changelog.xml: classpath:db/changelog/db.changelog-master.yaml::create_userData::bpalikhe: ChangeSet classpath:db/changelog/db.changelog-master.yaml::create_userData::bpalikhe ran successfully in 165ms
2017-11-12 14:34:33 [Test worker] INFO  liquibase - classpath:db/changelog/changelog.xml: classpath:db/changelog/db.changelog-master.yaml::addColumn-notes::bpalikhe: Marking ChangeSet: classpath:db/changelog/db.changelog-master.yaml::addColumn-notes::bpalikhe ran despite precondition failure due to onFail='MARK_RAN': 
          classpath:db/changelog/changelog.xml : Column pinetdev.service_type.NOTES does not exist

2017-11-12 14:34:33 [Test worker] INFO  liquibase - classpath:db/changelog/changelog.xml: classpath:db/changelog/db.changelog-master.yaml::addColumn-notesRetry::bpalikhe: Marking ChangeSet: classpath:db/changelog/db.changelog-master.yaml::addColumn-notesRetry::bpalikhe ran despite precondition failure due to onFail='MARK_RAN': 
          classpath:db/changelog/changelog.xml : Column pinetdev.service_type.NOTES does not exist

2017-11-12 14:34:33 [Test worker] INFO  liquibase - classpath:db/changelog/changelog.xml: classpath:db/changelog/db.changelog-master.yaml::addColumn-notesRetry2::bpalikhe: Columns NOTES(varchar(255)) added to service_type
2017-11-12 14:34:33 [Test worker] INFO  liquibase - classpath:db/changelog/changelog.xml: classpath:db/changelog/db.changelog-master.yaml::addColumn-notesRetry2::bpalikhe: ChangeSet classpath:db/changelog/db.changelog-master.yaml::addColumn-notesRetry2::bpalikhe ran successfully in 466ms
2017-11-12 14:34:34 [Test worker] INFO  liquibase - classpath:db/changelog/changelog.xml: classpath:db/changelog/db.changelog-EmployeesTable.yaml::Create_EmployeesInfoTable::bpalikhe: Table employee_info created
2017-11-12 14:34:34 [Test worker] INFO  liquibase - classpath:db/changelog/changelog.xml: classpath:db/changelog/db.changelog-EmployeesTable.yaml::Create_EmployeesInfoTable::bpalikhe: ChangeSet classpath:db/changelog/db.changelog-EmployeesTable.yaml::Create_EmployeesInfoTable::bpalikhe ran successfully in 640ms
2017-11-12 14:34:35 [Test worker] INFO  liquibase - classpath:db/changelog/changelog.xml: classpath:db/changelog/db.changelog-EmployeesTable.yaml::addColumn-employeename::bpalikhe: Columns EMPLOYEE_NAME(varchar(255)) added to employee_info
2017-11-12 14:34:35 [Test worker] INFO  liquibase - classpath:db/changelog/changelog.xml: classpath:db/changelog/db.changelog-EmployeesTable.yaml::addColumn-employeename::bpalikhe: ChangeSet classpath:db/changelog/db.changelog-EmployeesTable.yaml::addColumn-employeename::bpalikhe ran successfully in 1003ms
2017-11-12 14:34:35 [Test worker] INFO  liquibase - classpath:db/changelog/changelog.xml: classpath:db/changelog/db.changelog-EmployeesRolesTable.yaml::Create_EmployeesRolesTable::bpalikhe: Table employee_roles created
2017-11-12 14:34:35 [Test worker] INFO  liquibase - classpath:db/changelog/changelog.xml: classpath:db/changelog/db.changelog-EmployeesRolesTable.yaml::Create_EmployeesRolesTable::bpalikhe: ChangeSet classpath:db/changelog/db.changelog-EmployeesRolesTable.yaml::Create_EmployeesRolesTable::bpalikhe ran successfully in 286ms
2017-11-12 14:34:38 [Test worker] INFO  liquibase - classpath:db/changelog/changelog.xml: classpath:db/changelog/db.changelog-EmployeesRolesTable.yaml::addForeignKeyConstraint-EmployeeRoles-EmployeeId::bpalikhe: Foreign key constraint added to employee_roles (EMPLOYEE_ID)
2017-11-12 14:34:38 [Test worker] INFO  liquibase - classpath:db/changelog/changelog.xml: classpath:db/changelog/db.changelog-EmployeesRolesTable.yaml::addForeignKeyConstraint-EmployeeRoles-EmployeeId::bpalikhe: ChangeSet classpath:db/changelog/db.changelog-EmployeesRolesTable.yaml::addForeignKeyConstraint-EmployeeRoles-EmployeeId::bpalikhe ran successfully in 2440ms
2017-11-12 14:34:38 [Test worker] INFO  liquibase - classpath:db/changelog/changelog.xml: classpath:db/changelog/db.changelog-TicketTypeTable.yaml::Create_TicketTypeTable::bpalikhe: Table ticket_type created
2017-11-12 14:34:38 [Test worker] INFO  liquibase - classpath:db/changelog/changelog.xml: classpath:db/changelog/db.changelog-TicketTypeTable.yaml::Create_TicketTypeTable::bpalikhe: ChangeSet classpath:db/changelog/db.changelog-TicketTypeTable.yaml::Create_TicketTypeTable::bpalikhe ran successfully in 260ms
2017-11-12 14:34:38 [Test worker] INFO  liquibase - classpath:db/changelog/changelog.xml: classpath:db/changelog/db.changelog-TicketTypeTable.yaml::inseting_ticket_type_data::bpalikhe: Custom SQL executed
2017-11-12 14:34:38 [Test worker] INFO  liquibase - classpath:db/changelog/changelog.xml: classpath:db/changelog/db.changelog-TicketTypeTable.yaml::inseting_ticket_type_data::bpalikhe: Custom SQL executed
2017-11-12 14:34:38 [Test worker] INFO  liquibase - classpath:db/changelog/changelog.xml: classpath:db/changelog/db.changelog-TicketTypeTable.yaml::inseting_ticket_type_data::bpalikhe: Custom SQL executed
2017-11-12 14:34:38 [Test worker] INFO  liquibase - classpath:db/changelog/changelog.xml: classpath:db/changelog/db.changelog-TicketTypeTable.yaml::inseting_ticket_type_data::bpalikhe: Custom SQL executed
2017-11-12 14:34:38 [Test worker] INFO  liquibase - classpath:db/changelog/changelog.xml: classpath:db/changelog/db.changelog-TicketTypeTable.yaml::inseting_ticket_type_data::bpalikhe: Custom SQL executed
2017-11-12 14:34:38 [Test worker] INFO  liquibase - classpath:db/changelog/changelog.xml: classpath:db/changelog/db.changelog-TicketTypeTable.yaml::inseting_ticket_type_data::bpalikhe: Custom SQL executed
2017-11-12 14:34:38 [Test worker] INFO  liquibase - classpath:db/changelog/changelog.xml: classpath:db/changelog/db.changelog-TicketTypeTable.yaml::inseting_ticket_type_data::bpalikhe: Custom SQL executed
2017-11-12 14:34:38 [Test worker] INFO  liquibase - classpath:db/changelog/changelog.xml: classpath:db/changelog/db.changelog-TicketTypeTable.yaml::inseting_ticket_type_data::bpalikhe: Custom SQL executed
2017-11-12 14:34:38 [Test worker] INFO  liquibase - classpath:db/changelog/changelog.xml: classpath:db/changelog/db.changelog-TicketTypeTable.yaml::inseting_ticket_type_data::bpalikhe: Custom SQL executed
2017-11-12 14:34:38 [Test worker] INFO  liquibase - classpath:db/changelog/changelog.xml: classpath:db/changelog/db.changelog-TicketTypeTable.yaml::inseting_ticket_type_data::bpalikhe: ChangeSet classpath:db/changelog/db.changelog-TicketTypeTable.yaml::inseting_ticket_type_data::bpalikhe ran successfully in 93ms
2017-11-12 14:34:39 [Test worker] INFO  liquibase - classpath:db/changelog/changelog.xml: classpath:db/changelog/db.changelog-ClientDataTable.yaml::Create_ClientDataTable::bpalikhe: Table client_data created
2017-11-12 14:34:39 [Test worker] INFO  liquibase - classpath:db/changelog/changelog.xml: classpath:db/changelog/db.changelog-ClientDataTable.yaml::Create_ClientDataTable::bpalikhe: ChangeSet classpath:db/changelog/db.changelog-ClientDataTable.yaml::Create_ClientDataTable::bpalikhe ran successfully in 356ms
2017-11-12 14:34:39 [Test worker] INFO  liquibase - classpath:db/changelog/changelog.xml: classpath:db/changelog/db.changelog-UserServiceTable.yaml::Create_UserServicesTable::bpalikhe: Table user_services created
2017-11-12 14:34:39 [Test worker] INFO  liquibase - classpath:db/changelog/changelog.xml: classpath:db/changelog/db.changelog-UserServiceTable.yaml::Create_UserServicesTable::bpalikhe: ChangeSet classpath:db/changelog/db.changelog-UserServiceTable.yaml::Create_UserServicesTable::bpalikhe ran successfully in 279ms
2017-11-12 14:34:40 [Test worker] INFO  liquibase - classpath:db/changelog/changelog.xml: classpath:db/changelog/db.changelog-UserServiceTable.yaml::addForeignKeyConstraint-UserService-ServiceId::bpalikhe: Foreign key constraint added to user_services (SERVICE_ID)
2017-11-12 14:34:40 [Test worker] INFO  liquibase - classpath:db/changelog/changelog.xml: classpath:db/changelog/db.changelog-UserServiceTable.yaml::addForeignKeyConstraint-UserService-ServiceId::bpalikhe: ChangeSet classpath:db/changelog/db.changelog-UserServiceTable.yaml::addForeignKeyConstraint-UserService-ServiceId::bpalikhe ran successfully in 622ms
2017-11-12 14:34:40 [Test worker] INFO  liquibase - classpath:db/changelog/changelog.xml: classpath:db/changelog/db.changelog-UserServiceTable.yaml::addForeignKeyConstraint-UserService-ClientId::bpalikhe: Foreign key constraint added to user_services (CLIENT_ID)
2017-11-12 14:34:40 [Test worker] INFO  liquibase - classpath:db/changelog/changelog.xml: classpath:db/changelog/db.changelog-UserServiceTable.yaml::addForeignKeyConstraint-UserService-ClientId::bpalikhe: ChangeSet classpath:db/changelog/db.changelog-UserServiceTable.yaml::addForeignKeyConstraint-UserService-ClientId::bpalikhe ran successfully in 490ms
2017-11-12 14:34:41 [Test worker] INFO  liquibase - classpath:db/changelog/changelog.xml: classpath:db/changelog/db.changelog-TicketTable.yaml::Create_TicketDataTable::bpalikhe: Table ticket_data created
2017-11-12 14:34:41 [Test worker] INFO  liquibase - classpath:db/changelog/changelog.xml: classpath:db/changelog/db.changelog-TicketTable.yaml::Create_TicketDataTable::bpalikhe: ChangeSet classpath:db/changelog/db.changelog-TicketTable.yaml::Create_TicketDataTable::bpalikhe ran successfully in 543ms
2017-11-12 14:34:42 [Test worker] INFO  liquibase - classpath:db/changelog/changelog.xml: classpath:db/changelog/db.changelog-TicketTable.yaml::modifyDataType-Client_ID::bpalikhe: ticket_data.CLIENT_ID datatype was changed to int
2017-11-12 14:34:42 [Test worker] INFO  liquibase - classpath:db/changelog/changelog.xml: classpath:db/changelog/db.changelog-TicketTable.yaml::modifyDataType-Client_ID::bpalikhe: ChangeSet classpath:db/changelog/db.changelog-TicketTable.yaml::modifyDataType-Client_ID::bpalikhe ran successfully in 548ms
2017-11-12 14:34:43 [Test worker] INFO  liquibase - classpath:db/changelog/changelog.xml: classpath:db/changelog/db.changelog-TicketTable.yaml::modifyDataType-Service_ID::bpalikhe: ticket_data.SERVICE_ID datatype was changed to int
2017-11-12 14:34:43 [Test worker] INFO  liquibase - classpath:db/changelog/changelog.xml: classpath:db/changelog/db.changelog-TicketTable.yaml::modifyDataType-Service_ID::bpalikhe: ChangeSet classpath:db/changelog/db.changelog-TicketTable.yaml::modifyDataType-Service_ID::bpalikhe ran successfully in 1301ms
2017-11-12 14:34:44 [Test worker] INFO  liquibase - classpath:db/changelog/changelog.xml: classpath:db/changelog/db.changelog-TicketTable.yaml::addForeignKeyConstraint-ticketData-ticketType::bpalikhe: Foreign key constraint added to ticket_data (TICKET_TYPE)
2017-11-12 14:34:44 [Test worker] INFO  liquibase - classpath:db/changelog/changelog.xml: classpath:db/changelog/db.changelog-TicketTable.yaml::addForeignKeyConstraint-ticketData-ticketType::bpalikhe: ChangeSet classpath:db/changelog/db.changelog-TicketTable.yaml::addForeignKeyConstraint-ticketData-ticketType::bpalikhe ran successfully in 684ms
2017-11-12 14:34:44 [Test worker] INFO  liquibase - classpath:db/changelog/changelog.xml: classpath:db/changelog/db.changelog-TicketTable.yaml::addForeignKeyConstraint-ticketData-ClientId::bpalikhe: Foreign key constraint added to ticket_data (CLIENT_ID)
2017-11-12 14:34:44 [Test worker] INFO  liquibase - classpath:db/changelog/changelog.xml: classpath:db/changelog/db.changelog-TicketTable.yaml::addForeignKeyConstraint-ticketData-ClientId::bpalikhe: ChangeSet classpath:db/changelog/db.changelog-TicketTable.yaml::addForeignKeyConstraint-ticketData-ClientId::bpalikhe ran successfully in 485ms
2017-11-12 14:34:45 [Test worker] INFO  liquibase - classpath:db/changelog/changelog.xml: classpath:db/changelog/db.changelog-TicketTable.yaml::addForeignKeyConstraint-ticketData-ServiceId::bpalikhe: Foreign key constraint added to ticket_data (SERVICE_ID)
2017-11-12 14:34:45 [Test worker] INFO  liquibase - classpath:db/changelog/changelog.xml: classpath:db/changelog/db.changelog-TicketTable.yaml::addForeignKeyConstraint-ticketData-ServiceId::bpalikhe: ChangeSet classpath:db/changelog/db.changelog-TicketTable.yaml::addForeignKeyConstraint-ticketData-ServiceId::bpalikhe ran successfully in 553ms
2017-11-12 14:34:45 [Test worker] INFO  liquibase - classpath:db/changelog/changelog.xml: classpath:db/changelog/db.changelog-TicketTable.yaml::dropForeignKeyConstraint-ticketData-ServiceId::bpalikhe: Foreign key fk_service_id_ticket dropped
2017-11-12 14:34:45 [Test worker] INFO  liquibase - classpath:db/changelog/changelog.xml: classpath:db/changelog/db.changelog-TicketTable.yaml::dropForeignKeyConstraint-ticketData-ServiceId::bpalikhe: ChangeSet classpath:db/changelog/db.changelog-TicketTable.yaml::dropForeignKeyConstraint-ticketData-ServiceId::bpalikhe ran successfully in 56ms
2017-11-12 14:34:45 [Test worker] INFO  liquibase - classpath:db/changelog/changelog.xml: classpath:db/changelog/db.changelog-TicketTable.yaml::addForeignKeyConstraint-ticketData-UserServiceId::bpalikhe: Foreign key constraint added to ticket_data (SERVICE_ID)
2017-11-12 14:34:45 [Test worker] INFO  liquibase - classpath:db/changelog/changelog.xml: classpath:db/changelog/db.changelog-TicketTable.yaml::addForeignKeyConstraint-ticketData-UserServiceId::bpalikhe: ChangeSet classpath:db/changelog/db.changelog-TicketTable.yaml::addForeignKeyConstraint-ticketData-UserServiceId::bpalikhe ran successfully in 601ms
2017-11-12 14:34:46 [Test worker] INFO  liquibase - classpath:db/changelog/changelog.xml: classpath:db/changelog/db.changelog-TicketTable.yaml::dropForeignKeyConstraint-ticketData-ClientId::bpalikhe: Foreign key fk_client_id_ticket dropped
2017-11-12 14:34:46 [Test worker] INFO  liquibase - classpath:db/changelog/changelog.xml: classpath:db/changelog/db.changelog-TicketTable.yaml::dropForeignKeyConstraint-ticketData-ClientId::bpalikhe: ChangeSet classpath:db/changelog/db.changelog-TicketTable.yaml::dropForeignKeyConstraint-ticketData-ClientId::bpalikhe ran successfully in 201ms
2017-11-12 14:34:46 [Test worker] INFO  liquibase - classpath:db/changelog/changelog.xml: classpath:db/changelog/db.changelog-TicketTable.yaml::dropColumn-client_id::bpalikhe: Column ticket_data.CLIENT_ID dropped
2017-11-12 14:34:46 [Test worker] INFO  liquibase - classpath:db/changelog/changelog.xml: classpath:db/changelog/db.changelog-TicketTable.yaml::dropColumn-client_id::bpalikhe: ChangeSet classpath:db/changelog/db.changelog-TicketTable.yaml::dropColumn-client_id::bpalikhe ran successfully in 556ms
2017-11-12 14:34:46 [Test worker] INFO  liquibase - Successfully released change log lock
2017-11-12 14:34:47 [Test worker] INFO  o.s.o.j.LocalContainerEntityManagerFactoryBean - Building JPA container EntityManagerFactory for persistence unit 'default'
2017-11-12 14:34:47 [Test worker] INFO  o.h.jpa.internal.util.LogHelper - HHH000204: Processing PersistenceUnitInfo [
	name: default
	...]
2017-11-12 14:34:48 [Test worker] INFO  org.hibernate.Version - HHH000412: Hibernate Core {5.0.12.Final}
2017-11-12 14:34:48 [Test worker] INFO  org.hibernate.cfg.Environment - HHH000206: hibernate.properties not found
2017-11-12 14:34:48 [Test worker] INFO  org.hibernate.cfg.Environment - HHH000021: Bytecode provider name : javassist
2017-11-12 14:34:48 [Test worker] INFO  o.h.annotations.common.Version - HCANN000001: Hibernate Commons Annotations {5.0.1.Final}
2017-11-12 14:34:48 [Test worker] INFO  org.hibernate.dialect.Dialect - HHH000400: Using dialect: org.hibernate.dialect.MySQL5Dialect
2017-11-12 14:34:49 [Test worker] INFO  o.h.e.j.e.i.LobCreatorBuilderImpl - HHH000423: Disabling contextual LOB creation as JDBC driver reported JDBC version [3] less than 4
2017-11-12 14:34:51 [Test worker] INFO  o.s.o.j.LocalContainerEntityManagerFactoryBean - Initialized JPA EntityManagerFactory for persistence unit 'default'
2017-11-12 14:34:56 [Test worker] INFO  o.s.w.s.m.m.a.RequestMappingHandlerAdapter - Looking for @ControllerAdvice: org.springframework.web.context.support.GenericWebApplicationContext@710bc6c2: startup date [Sun Nov 12 14:34:18 NPT 2017]; root of context hierarchy
2017-11-12 14:34:57 [Test worker] INFO  o.s.w.s.m.m.a.RequestMappingHandlerMapping - Mapped "{[/client],methods=[GET],produces=[application/json]}" onto public org.springframework.http.ResponseEntity com.pinet.app.web.controller.ClientController.getAllClients()
2017-11-12 14:34:57 [Test worker] INFO  o.s.w.s.m.m.a.RequestMappingHandlerMapping - Mapped "{[/client/{clientId}],methods=[DELETE],produces=[application/json]}" onto public org.springframework.http.ResponseEntity com.pinet.app.web.controller.ClientController.deleteClientById(java.lang.Integer,java.lang.String)
2017-11-12 14:34:57 [Test worker] INFO  o.s.w.s.m.m.a.RequestMappingHandlerMapping - Mapped "{[/client],methods=[POST],produces=[application/json]}" onto public org.springframework.http.ResponseEntity com.pinet.app.web.controller.ClientController.saveUserData(com.pinet.app.model.ClientVO,java.lang.String)
2017-11-12 14:34:57 [Test worker] INFO  o.s.w.s.m.m.a.RequestMappingHandlerMapping - Mapped "{[/client/{userId}],methods=[PUT],produces=[application/json]}" onto public org.springframework.http.ResponseEntity com.pinet.app.web.controller.ClientController.updateUserData(com.pinet.app.model.ClientVO,java.lang.Integer,java.lang.String)
2017-11-12 14:34:57 [Test worker] INFO  o.s.w.s.m.m.a.RequestMappingHandlerMapping - Mapped "{[/client/{clientId}],methods=[GET],produces=[application/json]}" onto public org.springframework.http.ResponseEntity com.pinet.app.web.controller.ClientController.getClientById(java.lang.Integer,java.lang.String)
2017-11-12 14:34:57 [Test worker] INFO  o.s.w.s.m.m.a.RequestMappingHandlerMapping - Mapped "{[/user]}" onto public java.lang.String com.pinet.app.web.controller.DefaultController.showAccessToUser()
2017-11-12 14:34:57 [Test worker] INFO  o.s.w.s.m.m.a.RequestMappingHandlerMapping - Mapped "{[/test]}" onto public java.lang.String com.pinet.app.web.controller.DefaultController.showAccess()
2017-11-12 14:34:57 [Test worker] INFO  o.s.w.s.m.m.a.RequestMappingHandlerMapping - Mapped "{[/admin]}" onto public java.lang.String com.pinet.app.web.controller.DefaultController.showAdminAccess()
2017-11-12 14:34:57 [Test worker] INFO  o.s.w.s.m.m.a.RequestMappingHandlerMapping - Mapped "{[]}" onto public java.lang.String com.pinet.app.web.controller.DefaultController.testMessage()
2017-11-12 14:34:57 [Test worker] INFO  o.s.w.s.m.m.a.RequestMappingHandlerMapping - Mapped "{[/employeeinfo/employee/{employeeId}],methods=[GET],produces=[application/json]}" onto public org.springframework.http.ResponseEntity com.pinet.app.web.controller.EmployeeInfoController.getEmployeeById(java.lang.Integer)
2017-11-12 14:34:57 [Test worker] INFO  o.s.w.s.m.m.a.RequestMappingHandlerMapping - Mapped "{[/employeeinfo/employees],methods=[GET],produces=[application/json]}" onto public org.springframework.http.ResponseEntity com.pinet.app.web.controller.EmployeeInfoController.getAllEmployees()
2017-11-12 14:34:57 [Test worker] INFO  o.s.w.s.m.m.a.RequestMappingHandlerMapping - Mapped "{[/employeeinfo/employee/{employeeid}],methods=[PUT],produces=[application/json]}" onto public org.springframework.http.ResponseEntity com.pinet.app.web.controller.EmployeeInfoController.updateUserData(com.pinet.app.model.EmployeeInfoVO,java.lang.Integer,java.lang.String)
2017-11-12 14:34:57 [Test worker] INFO  o.s.w.s.m.m.a.RequestMappingHandlerMapping - Mapped "{[/employeeinfo/employee/{employeeId}],methods=[DELETE],produces=[application/json]}" onto public org.springframework.http.ResponseEntity com.pinet.app.web.controller.EmployeeInfoController.deleteUserById(java.lang.Integer)
2017-11-12 14:34:57 [Test worker] INFO  o.s.w.s.m.m.a.RequestMappingHandlerMapping - Mapped "{[/employeeinfo/employee],methods=[POST],produces=[application/json]}" onto public org.springframework.http.ResponseEntity com.pinet.app.web.controller.EmployeeInfoController.saveEmployeeInfo(com.pinet.app.model.EmployeeInfoVO,java.lang.String)
2017-11-12 14:34:57 [Test worker] INFO  o.s.w.s.m.m.a.RequestMappingHandlerMapping - Mapped "{[/employeeroles/employee/{employeeId}],methods=[GET],produces=[application/json]}" onto public org.springframework.http.ResponseEntity com.pinet.app.web.controller.EmployeeRolesController.getEmployeeRolesById(java.lang.Integer)
2017-11-12 14:34:57 [Test worker] INFO  o.s.w.s.m.m.a.RequestMappingHandlerMapping - Mapped "{[/employeeroles/employee/{employeeid}],methods=[PUT],produces=[application/json]}" onto public org.springframework.http.ResponseEntity com.pinet.app.web.controller.EmployeeRolesController.updateEmployeeRolesData(com.pinet.app.model.EmployeeRolesVo,java.lang.Integer,java.lang.String)
2017-11-12 14:34:57 [Test worker] INFO  o.s.w.s.m.m.a.RequestMappingHandlerMapping - Mapped "{[/employeeroles/employee/{employeeId}],methods=[DELETE],produces=[application/json]}" onto public org.springframework.http.ResponseEntity com.pinet.app.web.controller.EmployeeRolesController.deleteUserById(java.lang.Integer)
2017-11-12 14:34:57 [Test worker] INFO  o.s.w.s.m.m.a.RequestMappingHandlerMapping - Mapped "{[/employeeroles/roles/{employeeId}],methods=[POST],produces=[application/json]}" onto public org.springframework.http.ResponseEntity com.pinet.app.web.controller.EmployeeRolesController.saveEmployeeInfo(com.pinet.app.model.EmployeeRolesVo,java.lang.Integer,java.lang.String)
2017-11-12 14:34:57 [Test worker] INFO  o.s.w.s.m.m.a.RequestMappingHandlerMapping - Mapped "{[/servicetype],methods=[GET],produces=[application/json]}" onto public org.springframework.http.ResponseEntity com.pinet.app.web.controller.ServiceTypeController.getServices()
2017-11-12 14:34:57 [Test worker] INFO  o.s.w.s.m.m.a.RequestMappingHandlerMapping - Mapped "{[/servicetype/searchbybandwidth/{bandwidth}],methods=[GET],produces=[application/json]}" onto public org.springframework.http.ResponseEntity com.pinet.app.web.controller.ServiceTypeController.getServicesByBandwidth(java.lang.String)
2017-11-12 14:34:57 [Test worker] INFO  o.s.w.s.m.m.a.RequestMappingHandlerMapping - Mapped "{[/servicetype/searchbyservice/{serviceType}],methods=[GET],produces=[application/json]}" onto public org.springframework.http.ResponseEntity com.pinet.app.web.controller.ServiceTypeController.getServicesByServiceType(java.lang.String)
2017-11-12 14:34:57 [Test worker] INFO  o.s.w.s.m.m.a.RequestMappingHandlerMapping - Mapped "{[/servicetype],methods=[POST],produces=[application/json]}" onto public org.springframework.http.ResponseEntity com.pinet.app.web.controller.ServiceTypeController.saveServiceType(java.lang.String,java.lang.String)
2017-11-12 14:34:57 [Test worker] INFO  o.s.w.s.m.m.a.RequestMappingHandlerMapping - Mapped "{[/userservice],methods=[POST],produces=[application/json]}" onto public org.springframework.http.ResponseEntity com.pinet.app.web.controller.UserServicesController.saveUserServiceData(com.pinet.app.model.UserServiceVo,java.lang.String)
2017-11-12 14:34:57 [Test worker] INFO  o.s.w.s.m.m.a.RequestMappingHandlerMapping - Mapped "{[/error]}" onto public org.springframework.http.ResponseEntity<java.util.Map<java.lang.String, java.lang.Object>> org.springframework.boot.autoconfigure.web.BasicErrorController.error(javax.servlet.http.HttpServletRequest)
2017-11-12 14:34:57 [Test worker] INFO  o.s.w.s.m.m.a.RequestMappingHandlerMapping - Mapped "{[/error],produces=[text/html]}" onto public org.springframework.web.servlet.ModelAndView org.springframework.boot.autoconfigure.web.BasicErrorController.errorHtml(javax.servlet.http.HttpServletRequest,javax.servlet.http.HttpServletResponse)
2017-11-12 14:34:57 [Test worker] INFO  o.s.w.s.h.SimpleUrlHandlerMapping - Mapped URL path [/webjars/**] onto handler of type [class org.springframework.web.servlet.resource.ResourceHttpRequestHandler]
2017-11-12 14:34:57 [Test worker] INFO  o.s.w.s.h.SimpleUrlHandlerMapping - Mapped URL path [/**] onto handler of type [class org.springframework.web.servlet.resource.ResourceHttpRequestHandler]
2017-11-12 14:34:57 [Test worker] INFO  o.s.w.s.h.SimpleUrlHandlerMapping - Mapped URL path [/**/favicon.ico] onto handler of type [class org.springframework.web.servlet.resource.ResourceHttpRequestHandler]
2017-11-12 14:35:00 [Test worker] INFO  o.s.s.web.DefaultSecurityFilterChain - Creating filter chain: OrRequestMatcher [requestMatchers=[Ant [pattern='/css/**'], Ant [pattern='/js/**'], Ant [pattern='/images/**'], Ant [pattern='/webjars/**'], Ant [pattern='/**/favicon.ico'], Ant [pattern='/error']]], []
2017-11-12 14:35:00 [Test worker] INFO  o.s.s.web.DefaultSecurityFilterChain - Creating filter chain: org.springframework.security.web.util.matcher.AnyRequestMatcher@1, [org.springframework.security.web.context.request.async.WebAsyncManagerIntegrationFilter@25f57b8a, org.springframework.security.web.context.SecurityContextPersistenceFilter@5b67b388, org.springframework.security.web.header.HeaderWriterFilter@55154e3b, org.springframework.security.web.authentication.logout.LogoutFilter@45c2b9fe, org.springframework.security.web.authentication.UsernamePasswordAuthenticationFilter@36275003, org.springframework.security.web.authentication.ui.DefaultLoginPageGeneratingFilter@24cfe71c, org.springframework.security.web.savedrequest.RequestCacheAwareFilter@26f57f61, org.springframework.security.web.servletapi.SecurityContextHolderAwareRequestFilter@63ee7f42, org.springframework.security.web.authentication.AnonymousAuthenticationFilter@334ff62e, org.springframework.security.web.session.SessionManagementFilter@68e06d79, org.springframework.security.web.access.ExceptionTranslationFilter@186189b3, org.springframework.security.web.access.intercept.FilterSecurityInterceptor@7c7e82ae]
2017-11-12 14:35:00 [Test worker] INFO  o.s.s.web.DefaultSecurityFilterChain - Creating filter chain: OrRequestMatcher [requestMatchers=[Ant [pattern='/**']]], [org.springframework.security.web.context.request.async.WebAsyncManagerIntegrationFilter@368763a2, org.springframework.security.web.context.SecurityContextPersistenceFilter@64ce2d22, org.springframework.security.web.header.HeaderWriterFilter@7ce0a901, org.springframework.security.web.authentication.logout.LogoutFilter@72db3849, org.springframework.security.web.authentication.www.BasicAuthenticationFilter@5d63d9bf, org.springframework.security.web.savedrequest.RequestCacheAwareFilter@7cc4466d, org.springframework.security.web.servletapi.SecurityContextHolderAwareRequestFilter@5955055, org.springframework.security.web.authentication.AnonymousAuthenticationFilter@71d18f23, org.springframework.security.web.session.SessionManagementFilter@77e97004, org.springframework.security.web.access.ExceptionTranslationFilter@67fffdb3, org.springframework.security.web.access.intercept.FilterSecurityInterceptor@21e3e650]
2017-11-12 14:35:01 [Test worker] INFO  c.p.a.PokharaInternetApplicationTests - Started PokharaInternetApplicationTests in 46.23 seconds (JVM running for 51.564)
2017-11-12 14:35:02 [Thread-7] INFO  o.s.w.c.s.GenericWebApplicationContext - Closing org.springframework.web.context.support.GenericWebApplicationContext@710bc6c2: startup date [Sun Nov 12 14:34:18 NPT 2017]; root of context hierarchy
2017-11-12 14:35:02 [Thread-7] INFO  o.s.o.j.LocalContainerEntityManagerFactoryBean - Closing JPA EntityManagerFactory for persistence unit 'default'
2017-11-12 14:35:08 [restartedMain] INFO  c.p.app.PokharaInternetApplication - Starting PokharaInternetApplication on SamuroPC with PID 27252 (C:\Dev\gitRepo\PokharaInternet\build\classes\main started by bijesh in C:\Dev\gitRepo\PokharaInternet)
2017-11-12 14:35:08 [restartedMain] INFO  c.p.app.PokharaInternetApplication - No active profile set, falling back to default profiles: default
2017-11-12 14:35:08 [restartedMain] INFO  o.s.b.c.e.AnnotationConfigEmbeddedWebApplicationContext - Refreshing org.springframework.boot.context.embedded.AnnotationConfigEmbeddedWebApplicationContext@5ba5195a: startup date [Sun Nov 12 14:35:08 NPT 2017]; root of context hierarchy
2017-11-12 14:35:16 [restartedMain] INFO  o.s.c.s.PostProcessorRegistrationDelegate$BeanPostProcessorChecker - Bean 'org.springframework.transaction.annotation.ProxyTransactionManagementConfiguration' of type [org.springframework.transaction.annotation.ProxyTransactionManagementConfiguration$$EnhancerBySpringCGLIB$$57a43b65] is not eligible for getting processed by all BeanPostProcessors (for example: not eligible for auto-proxying)
2017-11-12 14:35:16 [restartedMain] INFO  o.s.c.s.PostProcessorRegistrationDelegate$BeanPostProcessorChecker - Bean 'org.springframework.security.config.annotation.configuration.ObjectPostProcessorConfiguration' of type [org.springframework.security.config.annotation.configuration.ObjectPostProcessorConfiguration$$EnhancerBySpringCGLIB$$f052039f] is not eligible for getting processed by all BeanPostProcessors (for example: not eligible for auto-proxying)
2017-11-12 14:35:16 [restartedMain] INFO  o.s.c.s.PostProcessorRegistrationDelegate$BeanPostProcessorChecker - Bean 'objectPostProcessor' of type [org.springframework.security.config.annotation.configuration.AutowireBeanFactoryObjectPostProcessor] is not eligible for getting processed by all BeanPostProcessors (for example: not eligible for auto-proxying)
2017-11-12 14:35:16 [restartedMain] INFO  o.s.c.s.PostProcessorRegistrationDelegate$BeanPostProcessorChecker - Bean 'org.springframework.security.access.expression.method.DefaultMethodSecurityExpressionHandler@4bf3c476' of type [org.springframework.security.access.expression.method.DefaultMethodSecurityExpressionHandler] is not eligible for getting processed by all BeanPostProcessors (for example: not eligible for auto-proxying)
2017-11-12 14:35:16 [restartedMain] INFO  o.s.c.s.PostProcessorRegistrationDelegate$BeanPostProcessorChecker - Bean 'org.springframework.security.config.annotation.method.configuration.GlobalMethodSecurityConfiguration' of type [org.springframework.security.config.annotation.method.configuration.GlobalMethodSecurityConfiguration$$EnhancerBySpringCGLIB$$1526a651] is not eligible for getting processed by all BeanPostProcessors (for example: not eligible for auto-proxying)
2017-11-12 14:35:16 [restartedMain] INFO  o.s.c.s.PostProcessorRegistrationDelegate$BeanPostProcessorChecker - Bean 'methodSecurityMetadataSource' of type [org.springframework.security.access.method.DelegatingMethodSecurityMetadataSource] is not eligible for getting processed by all BeanPostProcessors (for example: not eligible for auto-proxying)
2017-11-12 14:35:18 [restartedMain] INFO  o.s.b.c.e.t.TomcatEmbeddedServletContainer - Tomcat initialized with port(s): 8080 (http)
2017-11-12 14:35:18 [restartedMain] INFO  o.a.catalina.core.StandardService - Starting service Tomcat
2017-11-12 14:35:18 [restartedMain] INFO  o.a.catalina.core.StandardEngine - Starting Servlet Engine: Apache Tomcat/8.5.11
2017-11-12 14:35:19 [localhost-startStop-1] INFO  o.a.c.c.C.[Tomcat].[localhost].[/] - Initializing Spring embedded WebApplicationContext
2017-11-12 14:35:19 [localhost-startStop-1] INFO  o.s.web.context.ContextLoader - Root WebApplicationContext: initialization completed in 10933 ms
2017-11-12 14:35:20 [localhost-startStop-1] INFO  o.s.b.w.s.FilterRegistrationBean - Mapping filter: 'characterEncodingFilter' to: [/*]
2017-11-12 14:35:20 [localhost-startStop-1] INFO  o.s.b.w.s.FilterRegistrationBean - Mapping filter: 'hiddenHttpMethodFilter' to: [/*]
2017-11-12 14:35:20 [localhost-startStop-1] INFO  o.s.b.w.s.FilterRegistrationBean - Mapping filter: 'httpPutFormContentFilter' to: [/*]
2017-11-12 14:35:20 [localhost-startStop-1] INFO  o.s.b.w.s.FilterRegistrationBean - Mapping filter: 'requestContextFilter' to: [/*]
2017-11-12 14:35:20 [localhost-startStop-1] INFO  o.s.b.w.s.DelegatingFilterProxyRegistrationBean - Mapping filter: 'springSecurityFilterChain' to: [/*]
2017-11-12 14:35:20 [localhost-startStop-1] INFO  o.s.b.w.s.ServletRegistrationBean - Mapping servlet: 'dispatcherServlet' to [/]
2017-11-12 14:35:23 [restartedMain] INFO  liquibase - Successfully acquired change log lock
2017-11-12 14:35:26 [restartedMain] INFO  liquibase - Reading from pinetdev.DATABASECHANGELOG
2017-11-12 14:35:26 [restartedMain] INFO  liquibase - Successfully released change log lock
2017-11-12 14:35:27 [restartedMain] INFO  o.s.o.j.LocalContainerEntityManagerFactoryBean - Building JPA container EntityManagerFactory for persistence unit 'default'
2017-11-12 14:35:27 [restartedMain] INFO  o.h.jpa.internal.util.LogHelper - HHH000204: Processing PersistenceUnitInfo [
	name: default
	...]
2017-11-12 14:35:27 [restartedMain] INFO  org.hibernate.Version - HHH000412: Hibernate Core {5.0.12.Final}
2017-11-12 14:35:27 [restartedMain] INFO  org.hibernate.cfg.Environment - HHH000206: hibernate.properties not found
2017-11-12 14:35:27 [restartedMain] INFO  org.hibernate.cfg.Environment - HHH000021: Bytecode provider name : javassist
2017-11-12 14:35:28 [restartedMain] INFO  o.h.annotations.common.Version - HCANN000001: Hibernate Commons Annotations {5.0.1.Final}
2017-11-12 14:35:28 [restartedMain] INFO  org.hibernate.dialect.Dialect - HHH000400: Using dialect: org.hibernate.dialect.MySQL5Dialect
2017-11-12 14:35:28 [restartedMain] INFO  o.h.e.j.e.i.LobCreatorBuilderImpl - HHH000423: Disabling contextual LOB creation as JDBC driver reported JDBC version [3] less than 4
2017-11-12 14:35:31 [restartedMain] INFO  o.s.o.j.LocalContainerEntityManagerFactoryBean - Initialized JPA EntityManagerFactory for persistence unit 'default'
2017-11-12 14:35:34 [restartedMain] INFO  o.s.w.s.m.m.a.RequestMappingHandlerAdapter - Looking for @ControllerAdvice: org.springframework.boot.context.embedded.AnnotationConfigEmbeddedWebApplicationContext@5ba5195a: startup date [Sun Nov 12 14:35:08 NPT 2017]; root of context hierarchy
2017-11-12 14:35:34 [restartedMain] INFO  o.s.w.s.m.m.a.RequestMappingHandlerMapping - Mapped "{[/client/{clientId}],methods=[DELETE],produces=[application/json]}" onto public org.springframework.http.ResponseEntity com.pinet.app.web.controller.ClientController.deleteClientById(java.lang.Integer,java.lang.String)
2017-11-12 14:35:34 [restartedMain] INFO  o.s.w.s.m.m.a.RequestMappingHandlerMapping - Mapped "{[/client],methods=[GET],produces=[application/json]}" onto public org.springframework.http.ResponseEntity com.pinet.app.web.controller.ClientController.getAllClients()
2017-11-12 14:35:34 [restartedMain] INFO  o.s.w.s.m.m.a.RequestMappingHandlerMapping - Mapped "{[/client],methods=[POST],produces=[application/json]}" onto public org.springframework.http.ResponseEntity com.pinet.app.web.controller.ClientController.saveUserData(com.pinet.app.model.ClientVO,java.lang.String)
2017-11-12 14:35:34 [restartedMain] INFO  o.s.w.s.m.m.a.RequestMappingHandlerMapping - Mapped "{[/client/{userId}],methods=[PUT],produces=[application/json]}" onto public org.springframework.http.ResponseEntity com.pinet.app.web.controller.ClientController.updateUserData(com.pinet.app.model.ClientVO,java.lang.Integer,java.lang.String)
2017-11-12 14:35:34 [restartedMain] INFO  o.s.w.s.m.m.a.RequestMappingHandlerMapping - Mapped "{[/client/{clientId}],methods=[GET],produces=[application/json]}" onto public org.springframework.http.ResponseEntity com.pinet.app.web.controller.ClientController.getClientById(java.lang.Integer,java.lang.String)
2017-11-12 14:35:34 [restartedMain] INFO  o.s.w.s.m.m.a.RequestMappingHandlerMapping - Mapped "{[/user]}" onto public java.lang.String com.pinet.app.web.controller.DefaultController.showAccessToUser()
2017-11-12 14:35:34 [restartedMain] INFO  o.s.w.s.m.m.a.RequestMappingHandlerMapping - Mapped "{[/admin]}" onto public java.lang.String com.pinet.app.web.controller.DefaultController.showAdminAccess()
2017-11-12 14:35:34 [restartedMain] INFO  o.s.w.s.m.m.a.RequestMappingHandlerMapping - Mapped "{[/test]}" onto public java.lang.String com.pinet.app.web.controller.DefaultController.showAccess()
2017-11-12 14:35:34 [restartedMain] INFO  o.s.w.s.m.m.a.RequestMappingHandlerMapping - Mapped "{[]}" onto public java.lang.String com.pinet.app.web.controller.DefaultController.testMessage()
2017-11-12 14:35:34 [restartedMain] INFO  o.s.w.s.m.m.a.RequestMappingHandlerMapping - Mapped "{[/employeeinfo/employee],methods=[POST],produces=[application/json]}" onto public org.springframework.http.ResponseEntity com.pinet.app.web.controller.EmployeeInfoController.saveEmployeeInfo(com.pinet.app.model.EmployeeInfoVO,java.lang.String)
2017-11-12 14:35:34 [restartedMain] INFO  o.s.w.s.m.m.a.RequestMappingHandlerMapping - Mapped "{[/employeeinfo/employee/{employeeid}],methods=[PUT],produces=[application/json]}" onto public org.springframework.http.ResponseEntity com.pinet.app.web.controller.EmployeeInfoController.updateUserData(com.pinet.app.model.EmployeeInfoVO,java.lang.Integer,java.lang.String)
2017-11-12 14:35:34 [restartedMain] INFO  o.s.w.s.m.m.a.RequestMappingHandlerMapping - Mapped "{[/employeeinfo/employee/{employeeId}],methods=[GET],produces=[application/json]}" onto public org.springframework.http.ResponseEntity com.pinet.app.web.controller.EmployeeInfoController.getEmployeeById(java.lang.Integer)
2017-11-12 14:35:34 [restartedMain] INFO  o.s.w.s.m.m.a.RequestMappingHandlerMapping - Mapped "{[/employeeinfo/employee/{employeeId}],methods=[DELETE],produces=[application/json]}" onto public org.springframework.http.ResponseEntity com.pinet.app.web.controller.EmployeeInfoController.deleteUserById(java.lang.Integer)
2017-11-12 14:35:34 [restartedMain] INFO  o.s.w.s.m.m.a.RequestMappingHandlerMapping - Mapped "{[/employeeinfo/employees],methods=[GET],produces=[application/json]}" onto public org.springframework.http.ResponseEntity com.pinet.app.web.controller.EmployeeInfoController.getAllEmployees()
2017-11-12 14:35:35 [restartedMain] INFO  o.s.w.s.m.m.a.RequestMappingHandlerMapping - Mapped "{[/employeeroles/employee/{employeeid}],methods=[PUT],produces=[application/json]}" onto public org.springframework.http.ResponseEntity com.pinet.app.web.controller.EmployeeRolesController.updateEmployeeRolesData(com.pinet.app.model.EmployeeRolesVo,java.lang.Integer,java.lang.String)
2017-11-12 14:35:35 [restartedMain] INFO  o.s.w.s.m.m.a.RequestMappingHandlerMapping - Mapped "{[/employeeroles/employee/{employeeId}],methods=[GET],produces=[application/json]}" onto public org.springframework.http.ResponseEntity com.pinet.app.web.controller.EmployeeRolesController.getEmployeeRolesById(java.lang.Integer)
2017-11-12 14:35:35 [restartedMain] INFO  o.s.w.s.m.m.a.RequestMappingHandlerMapping - Mapped "{[/employeeroles/roles/{employeeId}],methods=[POST],produces=[application/json]}" onto public org.springframework.http.ResponseEntity com.pinet.app.web.controller.EmployeeRolesController.saveEmployeeInfo(com.pinet.app.model.EmployeeRolesVo,java.lang.Integer,java.lang.String)
2017-11-12 14:35:35 [restartedMain] INFO  o.s.w.s.m.m.a.RequestMappingHandlerMapping - Mapped "{[/employeeroles/employee/{employeeId}],methods=[DELETE],produces=[application/json]}" onto public org.springframework.http.ResponseEntity com.pinet.app.web.controller.EmployeeRolesController.deleteUserById(java.lang.Integer)
2017-11-12 14:35:35 [restartedMain] INFO  o.s.w.s.m.m.a.RequestMappingHandlerMapping - Mapped "{[/servicetype/searchbyservice/{serviceType}],methods=[GET],produces=[application/json]}" onto public org.springframework.http.ResponseEntity com.pinet.app.web.controller.ServiceTypeController.getServicesByServiceType(java.lang.String)
2017-11-12 14:35:35 [restartedMain] INFO  o.s.w.s.m.m.a.RequestMappingHandlerMapping - Mapped "{[/servicetype/searchbybandwidth/{bandwidth}],methods=[GET],produces=[application/json]}" onto public org.springframework.http.ResponseEntity com.pinet.app.web.controller.ServiceTypeController.getServicesByBandwidth(java.lang.String)
2017-11-12 14:35:35 [restartedMain] INFO  o.s.w.s.m.m.a.RequestMappingHandlerMapping - Mapped "{[/servicetype],methods=[POST],produces=[application/json]}" onto public org.springframework.http.ResponseEntity com.pinet.app.web.controller.ServiceTypeController.saveServiceType(java.lang.String,java.lang.String)
2017-11-12 14:35:35 [restartedMain] INFO  o.s.w.s.m.m.a.RequestMappingHandlerMapping - Mapped "{[/servicetype],methods=[GET],produces=[application/json]}" onto public org.springframework.http.ResponseEntity com.pinet.app.web.controller.ServiceTypeController.getServices()
2017-11-12 14:35:35 [restartedMain] INFO  o.s.w.s.m.m.a.RequestMappingHandlerMapping - Mapped "{[/userservice],methods=[POST],produces=[application/json]}" onto public org.springframework.http.ResponseEntity com.pinet.app.web.controller.UserServicesController.saveUserServiceData(com.pinet.app.model.UserServiceVo,java.lang.String)
2017-11-12 14:35:35 [restartedMain] INFO  o.s.w.s.m.m.a.RequestMappingHandlerMapping - Mapped "{[/error]}" onto public org.springframework.http.ResponseEntity<java.util.Map<java.lang.String, java.lang.Object>> org.springframework.boot.autoconfigure.web.BasicErrorController.error(javax.servlet.http.HttpServletRequest)
2017-11-12 14:35:35 [restartedMain] INFO  o.s.w.s.m.m.a.RequestMappingHandlerMapping - Mapped "{[/error],produces=[text/html]}" onto public org.springframework.web.servlet.ModelAndView org.springframework.boot.autoconfigure.web.BasicErrorController.errorHtml(javax.servlet.http.HttpServletRequest,javax.servlet.http.HttpServletResponse)
2017-11-12 14:35:35 [restartedMain] INFO  o.s.w.s.h.SimpleUrlHandlerMapping - Mapped URL path [/webjars/**] onto handler of type [class org.springframework.web.servlet.resource.ResourceHttpRequestHandler]
2017-11-12 14:35:35 [restartedMain] INFO  o.s.w.s.h.SimpleUrlHandlerMapping - Mapped URL path [/**] onto handler of type [class org.springframework.web.servlet.resource.ResourceHttpRequestHandler]
2017-11-12 14:35:35 [restartedMain] INFO  o.s.w.s.h.SimpleUrlHandlerMapping - Mapped URL path [/**/favicon.ico] onto handler of type [class org.springframework.web.servlet.resource.ResourceHttpRequestHandler]
2017-11-12 14:35:36 [restartedMain] INFO  o.s.s.web.DefaultSecurityFilterChain - Creating filter chain: OrRequestMatcher [requestMatchers=[Ant [pattern='/css/**'], Ant [pattern='/js/**'], Ant [pattern='/images/**'], Ant [pattern='/webjars/**'], Ant [pattern='/**/favicon.ico'], Ant [pattern='/error']]], []
2017-11-12 14:35:36 [restartedMain] INFO  o.s.s.web.DefaultSecurityFilterChain - Creating filter chain: org.springframework.security.web.util.matcher.AnyRequestMatcher@1, [org.springframework.security.web.context.request.async.WebAsyncManagerIntegrationFilter@58fe50a7, org.springframework.security.web.context.SecurityContextPersistenceFilter@4fb477af, org.springframework.security.web.header.HeaderWriterFilter@13ad0c34, org.springframework.security.web.authentication.logout.LogoutFilter@4b107b2a, org.springframework.security.web.authentication.UsernamePasswordAuthenticationFilter@6480cac7, org.springframework.security.web.authentication.ui.DefaultLoginPageGeneratingFilter@f155135, org.springframework.security.web.savedrequest.RequestCacheAwareFilter@34d337a7, org.springframework.security.web.servletapi.SecurityContextHolderAwareRequestFilter@3c3d0f50, org.springframework.security.web.authentication.AnonymousAuthenticationFilter@2fbe89a9, org.springframework.security.web.session.SessionManagementFilter@7fe0df12, org.springframework.security.web.access.ExceptionTranslationFilter@57688dc2, org.springframework.security.web.access.intercept.FilterSecurityInterceptor@7013ade7]
2017-11-12 14:35:36 [restartedMain] INFO  o.s.s.web.DefaultSecurityFilterChain - Creating filter chain: OrRequestMatcher [requestMatchers=[Ant [pattern='/**']]], [org.springframework.security.web.context.request.async.WebAsyncManagerIntegrationFilter@43bad153, org.springframework.security.web.context.SecurityContextPersistenceFilter@2abbd443, org.springframework.security.web.header.HeaderWriterFilter@3ded7203, org.springframework.security.web.authentication.logout.LogoutFilter@7a74a61c, org.springframework.security.web.authentication.www.BasicAuthenticationFilter@d6b4af7, org.springframework.security.web.savedrequest.RequestCacheAwareFilter@a1e6d84, org.springframework.security.web.servletapi.SecurityContextHolderAwareRequestFilter@5c357bae, org.springframework.security.web.authentication.AnonymousAuthenticationFilter@14903662, org.springframework.security.web.session.SessionManagementFilter@7aba36c1, org.springframework.security.web.access.ExceptionTranslationFilter@430c6139, org.springframework.security.web.access.intercept.FilterSecurityInterceptor@3e59424e]
2017-11-12 14:35:37 [restartedMain] INFO  o.s.b.d.a.OptionalLiveReloadServer - LiveReload server is running on port 35729
2017-11-12 14:35:37 [restartedMain] INFO  o.s.j.e.a.AnnotationMBeanExporter - Registering beans for JMX exposure on startup
2017-11-12 14:35:37 [restartedMain] INFO  o.s.b.c.e.t.TomcatEmbeddedServletContainer - Tomcat started on port(s): 8080 (http)
2017-11-12 14:35:37 [restartedMain] INFO  c.p.app.PokharaInternetApplication - Started PokharaInternetApplication in 32.66 seconds (JVM running for 34.48)
2017-11-12 14:35:37 [restartedMain] ERROR c.p.app.PokharaInternetApplication - Logger Error message
2017-11-12 14:35:37 [restartedMain] WARN  c.p.app.PokharaInternetApplication - Logger Warn message
2017-11-12 14:35:37 [restartedMain] INFO  c.p.app.PokharaInternetApplication - Logger Info message
