2017-12-31 09:42:30 [main] INFO  c.p.app.PokharaInternetApplication - Starting PokharaInternetApplication on ashmeet-HP-Notebook with PID 11982 (/home/ashmeet/Intern Folder/PokharaInternet/build/libs/PokharaInternet-0.0.1-SNAPSHOT.jar started by ashmeet in /home/ashmeet/Intern Folder/PokharaInternet/build/libs)
2017-12-31 09:42:30 [main] INFO  c.p.app.PokharaInternetApplication - No active profile set, falling back to default profiles: default
2017-12-31 09:42:30 [main] INFO  o.s.b.c.e.AnnotationConfigEmbeddedWebApplicationContext - Refreshing org.springframework.boot.context.embedded.AnnotationConfigEmbeddedWebApplicationContext@3712b94: startup date [Sun Dec 31 09:42:30 NPT 2017]; root of context hierarchy
2017-12-31 09:42:32 [main] INFO  o.s.c.s.PostProcessorRegistrationDelegate$BeanPostProcessorChecker - Bean 'org.springframework.transaction.annotation.ProxyTransactionManagementConfiguration' of type [org.springframework.transaction.annotation.ProxyTransactionManagementConfiguration$$EnhancerBySpringCGLIB$$c95c6ba6] is not eligible for getting processed by all BeanPostProcessors (for example: not eligible for auto-proxying)
2017-12-31 09:42:32 [main] INFO  o.s.b.c.e.t.TomcatEmbeddedServletContainer - Tomcat initialized with port(s): 8080 (http)
2017-12-31 09:42:32 [main] INFO  o.a.catalina.core.StandardService - Starting service Tomcat
2017-12-31 09:42:32 [main] INFO  o.a.catalina.core.StandardEngine - Starting Servlet Engine: Apache Tomcat/8.5.11
2017-12-31 09:42:32 [localhost-startStop-1] INFO  o.a.c.c.C.[Tomcat].[localhost].[/] - Initializing Spring embedded WebApplicationContext
2017-12-31 09:42:32 [localhost-startStop-1] INFO  o.s.web.context.ContextLoader - Root WebApplicationContext: initialization completed in 2094 ms
2017-12-31 09:42:32 [localhost-startStop-1] INFO  o.s.b.w.s.FilterRegistrationBean - Mapping filter: 'characterEncodingFilter' to: [/*]
2017-12-31 09:42:32 [localhost-startStop-1] INFO  o.s.b.w.s.FilterRegistrationBean - Mapping filter: 'hiddenHttpMethodFilter' to: [/*]
2017-12-31 09:42:32 [localhost-startStop-1] INFO  o.s.b.w.s.FilterRegistrationBean - Mapping filter: 'httpPutFormContentFilter' to: [/*]
2017-12-31 09:42:32 [localhost-startStop-1] INFO  o.s.b.w.s.FilterRegistrationBean - Mapping filter: 'requestContextFilter' to: [/*]
2017-12-31 09:42:32 [localhost-startStop-1] INFO  o.s.b.w.s.DelegatingFilterProxyRegistrationBean - Mapping filter: 'springSecurityFilterChain' to: [/*]
2017-12-31 09:42:32 [localhost-startStop-1] INFO  o.s.b.w.s.ServletRegistrationBean - Mapping servlet: 'dispatcherServlet' to [/]
2017-12-31 09:42:34 [main] INFO  liquibase - Successfully acquired change log lock
2017-12-31 09:42:35 [main] INFO  liquibase - Reading from pinetdev.DATABASECHANGELOG
2017-12-31 09:42:35 [main] INFO  liquibase - Successfully released change log lock
2017-12-31 09:42:35 [main] INFO  o.s.o.j.LocalContainerEntityManagerFactoryBean - Building JPA container EntityManagerFactory for persistence unit 'default'
2017-12-31 09:42:35 [main] INFO  o.h.jpa.internal.util.LogHelper - HHH000204: Processing PersistenceUnitInfo [
	name: default
	...]
2017-12-31 09:42:36 [main] INFO  org.hibernate.Version - HHH000412: Hibernate Core {5.0.12.Final}
2017-12-31 09:42:36 [main] INFO  org.hibernate.cfg.Environment - HHH000206: hibernate.properties not found
2017-12-31 09:42:36 [main] INFO  org.hibernate.cfg.Environment - HHH000021: Bytecode provider name : javassist
2017-12-31 09:42:36 [main] INFO  o.h.annotations.common.Version - HCANN000001: Hibernate Commons Annotations {5.0.1.Final}
2017-12-31 09:42:36 [main] INFO  org.hibernate.dialect.Dialect - HHH000400: Using dialect: org.hibernate.dialect.MySQL5Dialect
2017-12-31 09:42:36 [main] INFO  o.h.e.j.e.i.LobCreatorBuilderImpl - HHH000423: Disabling contextual LOB creation as JDBC driver reported JDBC version [3] less than 4
2017-12-31 09:42:37 [main] INFO  o.s.o.j.LocalContainerEntityManagerFactoryBean - Initialized JPA EntityManagerFactory for persistence unit 'default'
2017-12-31 09:42:38 [main] INFO  o.s.s.web.DefaultSecurityFilterChain - Creating filter chain: Ant [pattern='**/assets/**'], []
2017-12-31 09:42:38 [main] INFO  o.s.s.web.DefaultSecurityFilterChain - Creating filter chain: org.springframework.security.web.util.matcher.AnyRequestMatcher@1, [org.springframework.security.web.context.request.async.WebAsyncManagerIntegrationFilter@36c281ed, org.springframework.security.web.context.SecurityContextPersistenceFilter@5edc70ed, org.springframework.security.web.header.HeaderWriterFilter@6d0b0da6, org.springframework.security.web.authentication.logout.LogoutFilter@3cad68df, org.springframework.security.web.authentication.UsernamePasswordAuthenticationFilter@1c9fbb61, org.springframework.security.web.savedrequest.RequestCacheAwareFilter@7e4c72d6, org.springframework.security.web.servletapi.SecurityContextHolderAwareRequestFilter@2ef0dd86, org.springframework.security.web.authentication.AnonymousAuthenticationFilter@244418a, org.springframework.security.web.session.SessionManagementFilter@2cd62003, org.springframework.security.web.access.ExceptionTranslationFilter@490c7a83, org.springframework.security.web.access.intercept.FilterSecurityInterceptor@194d329e]
2017-12-31 09:42:39 [main] INFO  o.s.w.s.m.m.a.RequestMappingHandlerAdapter - Looking for @ControllerAdvice: org.springframework.boot.context.embedded.AnnotationConfigEmbeddedWebApplicationContext@3712b94: startup date [Sun Dec 31 09:42:30 NPT 2017]; root of context hierarchy
2017-12-31 09:42:39 [main] INFO  o.s.w.s.m.m.a.RequestMappingHandlerMapping - Mapped "{[/exception/error],methods=[GET]}" onto public java.lang.String com.pinet.app.web.controller.ExceptionHandlingController.showExceptionHandlingPage()
2017-12-31 09:42:39 [main] INFO  o.s.w.s.m.m.a.RequestMappingHandlerMapping - Mapped "{[/login],methods=[GET]}" onto public java.lang.String com.pinet.app.web.controller.DefaultController.login()
2017-12-31 09:42:39 [main] INFO  o.s.w.s.m.m.a.RequestMappingHandlerMapping - Mapped "{[/dashboard],methods=[GET]}" onto public java.lang.String com.pinet.app.web.controller.DefaultController.dashboard()
2017-12-31 09:42:39 [main] INFO  o.s.w.s.m.m.a.RequestMappingHandlerMapping - Mapped "{[/due],methods=[GET]}" onto public java.lang.String com.pinet.app.web.controller.DefaultController.dueDate()
2017-12-31 09:42:39 [main] INFO  o.s.w.s.m.m.a.RequestMappingHandlerMapping - Mapped "{[/logger],methods=[GET]}" onto public java.lang.String com.pinet.app.web.controller.LoggerController.showLogMessage(org.springframework.ui.Model)
2017-12-31 09:42:39 [main] INFO  o.s.w.s.m.m.a.RequestMappingHandlerMapping - Mapped "{[/servicetype],methods=[POST]}" onto public java.lang.String com.pinet.app.web.controller.ServiceTypeController.addService(com.pinet.app.model.ServiceVO)
2017-12-31 09:42:39 [main] INFO  o.s.w.s.m.m.a.RequestMappingHandlerMapping - Mapped "{[/servicetype/addservice],methods=[GET]}" onto public java.lang.String com.pinet.app.web.controller.ServiceTypeController.addCustomer(org.springframework.ui.Model)
2017-12-31 09:42:39 [main] INFO  o.s.w.s.m.m.a.RequestMappingHandlerMapping - Mapped "{[/servicetype/manageservice],methods=[GET]}" onto public java.lang.String com.pinet.app.web.controller.ServiceTypeController.getAllServices(org.springframework.ui.Model)
2017-12-31 09:42:39 [main] INFO  o.s.w.s.m.m.a.RequestMappingHandlerMapping - Mapped "{[/servicetype/services/{clientId}],methods=[GET]}" onto public java.lang.String com.pinet.app.web.controller.ServiceTypeController.getAllService(java.lang.Integer,org.springframework.ui.Model)
2017-12-31 09:42:39 [main] INFO  o.s.w.s.m.m.a.RequestMappingHandlerMapping - Mapped "{[/servicetype/edit/{serviceId}],methods=[GET]}" onto public java.lang.String com.pinet.app.web.controller.ServiceTypeController.editService(java.lang.Integer,org.springframework.ui.Model)
2017-12-31 09:42:39 [main] INFO  o.s.w.s.m.m.a.RequestMappingHandlerMapping - Mapped "{[/servicetype/update],methods=[POST]}" onto public java.lang.String com.pinet.app.web.controller.ServiceTypeController.updateServiceData(java.lang.Integer,com.pinet.app.model.ServiceVO)
2017-12-31 09:42:39 [main] INFO  o.s.w.s.m.m.a.RequestMappingHandlerMapping - Mapped "{[/servicetype/{serviceId}],methods=[GET]}" onto public java.lang.String com.pinet.app.web.controller.ServiceTypeController.getServiceById(java.lang.Integer,org.springframework.ui.Model)
2017-12-31 09:42:39 [main] INFO  o.s.w.s.m.m.a.RequestMappingHandlerMapping - Mapped "{[/ticket/assignticket/{clientId}],methods=[GET]}" onto public java.lang.String com.pinet.app.web.controller.TicketDataController.getClientDetailsAndAssign(java.lang.Integer,org.springframework.ui.Model)
2017-12-31 09:42:39 [main] INFO  o.s.w.s.m.m.a.RequestMappingHandlerMapping - Mapped "{[/ticket/assignticket],methods=[POST]}" onto public java.lang.String com.pinet.app.web.controller.TicketDataController.assignTicket(com.pinet.app.model.TicketDataVO)
2017-12-31 09:42:39 [main] INFO  o.s.w.s.m.m.a.RequestMappingHandlerMapping - Mapped "{[/ticket/addticket],methods=[GET]}" onto public java.lang.String com.pinet.app.web.controller.TicketDataController.addTicket(org.springframework.ui.Model)
2017-12-31 09:42:39 [main] INFO  o.s.w.s.m.m.a.RequestMappingHandlerMapping - Mapped "{[/ticket/addticket],methods=[POST]}" onto public java.lang.String com.pinet.app.web.controller.TicketDataController.assignService(com.pinet.app.model.TicketDataVO)
2017-12-31 09:42:39 [main] INFO  o.s.w.s.m.m.a.RequestMappingHandlerMapping - Mapped "{[/ticket/tickets],methods=[GET]}" onto public java.lang.String com.pinet.app.web.controller.TicketDataController.getAllTickets(org.springframework.ui.Model)
2017-12-31 09:42:39 [main] INFO  o.s.w.s.m.m.a.RequestMappingHandlerMapping - Mapped "{[/ticket/{ticketId}],methods=[GET]}" onto public java.lang.String com.pinet.app.web.controller.TicketDataController.getTicketById(java.lang.Integer,org.springframework.ui.Model)
2017-12-31 09:42:39 [main] INFO  o.s.w.s.m.m.a.RequestMappingHandlerMapping - Mapped "{[/sms/sendsms],methods=[GET]}" onto public java.lang.String com.pinet.app.web.controller.SmsController.addCustomer(org.springframework.ui.Model)
2017-12-31 09:42:39 [main] INFO  o.s.w.s.m.m.a.RequestMappingHandlerMapping - Mapped "{[/sms/sendsms],methods=[POST]}" onto public java.lang.String com.pinet.app.web.controller.SmsController.assignService(com.pinet.app.model.UserServicesResponse)
2017-12-31 09:42:39 [main] INFO  o.s.w.s.m.m.a.RequestMappingHandlerMapping - Mapped "{[/employeeroles/roles/{employeeId}],methods=[GET]}" onto public java.lang.String com.pinet.app.web.controller.EmployeeRolesController.getAllRoles(java.lang.Integer,org.springframework.ui.Model)
2017-12-31 09:42:39 [main] INFO  o.s.w.s.m.m.a.RequestMappingHandlerMapping - Mapped "{[/employeeroles/assignroles],methods=[POST]}" onto public java.lang.String com.pinet.app.web.controller.EmployeeRolesController.assignroles(com.pinet.app.model.EmployeeRolesVo)
2017-12-31 09:42:39 [main] INFO  o.s.w.s.m.m.a.RequestMappingHandlerMapping - Mapped "{[/employeeinfo],methods=[POST]}" onto public java.lang.String com.pinet.app.web.controller.EmployeeInfoController.addEmployee(com.pinet.app.model.EmployeeInfoVO)
2017-12-31 09:42:39 [main] INFO  o.s.w.s.m.m.a.RequestMappingHandlerMapping - Mapped "{[/employeeinfo/addemployee],methods=[GET]}" onto public java.lang.String com.pinet.app.web.controller.EmployeeInfoController.addEmployee(org.springframework.ui.Model)
2017-12-31 09:42:39 [main] INFO  o.s.w.s.m.m.a.RequestMappingHandlerMapping - Mapped "{[/employeeinfo/employees],methods=[GET]}" onto public java.lang.String com.pinet.app.web.controller.EmployeeInfoController.getAllEmployees(org.springframework.ui.Model)
2017-12-31 09:42:39 [main] INFO  o.s.w.s.m.m.a.RequestMappingHandlerMapping - Mapped "{[/employeeinfo/{employeeId}],methods=[GET]}" onto public java.lang.String com.pinet.app.web.controller.EmployeeInfoController.getEmpoyeeById(java.lang.Integer,org.springframework.ui.Model)
2017-12-31 09:42:39 [main] INFO  o.s.w.s.m.m.a.RequestMappingHandlerMapping - Mapped "{[/employeeinfo/delete/{employeeId}],methods=[GET]}" onto public java.lang.String com.pinet.app.web.controller.EmployeeInfoController.deleteEmployee(java.lang.Integer)
2017-12-31 09:42:39 [main] INFO  o.s.w.s.m.m.a.RequestMappingHandlerMapping - Mapped "{[/employeeinfo/edit/{employeeId}],methods=[GET]}" onto public java.lang.String com.pinet.app.web.controller.EmployeeInfoController.editEmployee(java.lang.Integer,org.springframework.ui.Model)
2017-12-31 09:42:39 [main] INFO  o.s.w.s.m.m.a.RequestMappingHandlerMapping - Mapped "{[/employeeinfo/update],methods=[POST]}" onto public java.lang.String com.pinet.app.web.controller.EmployeeInfoController.updateEmployeeData(java.lang.Integer,com.pinet.app.model.EmployeeInfoVO)
2017-12-31 09:42:39 [main] INFO  o.s.w.s.m.m.a.RequestMappingHandlerMapping - Mapped "{[/uploadexcel/customer],methods=[GET]}" onto public java.lang.String com.pinet.app.web.controller.UploadExcelController.uploadFile()
2017-12-31 09:42:39 [main] INFO  o.s.w.s.m.m.a.RequestMappingHandlerMapping - Mapped "{[/uploadexcel/uploadcustomer],methods=[POST]}" onto public java.lang.String com.pinet.app.web.controller.UploadExcelController.handleFileUpload(org.springframework.web.multipart.MultipartFile,org.springframework.ui.Model) throws java.io.IOException
2017-12-31 09:42:39 [main] INFO  o.s.w.s.m.m.a.RequestMappingHandlerMapping - Mapped "{[/userservice/assignservice],methods=[POST]}" onto public java.lang.String com.pinet.app.web.controller.UserServicesController.assignService(com.pinet.app.model.UserServiceVo)
2017-12-31 09:42:39 [main] INFO  o.s.w.s.m.m.a.RequestMappingHandlerMapping - Mapped "{[/client/{clientId}],methods=[GET]}" onto public java.lang.String com.pinet.app.web.controller.ClientController.getClientById(java.lang.Integer,org.springframework.ui.Model)
2017-12-31 09:42:39 [main] INFO  o.s.w.s.m.m.a.RequestMappingHandlerMapping - Mapped "{[/client/delete/{clientId}],methods=[GET]}" onto public java.lang.String com.pinet.app.web.controller.ClientController.deleteClient(java.lang.Integer)
2017-12-31 09:42:39 [main] INFO  o.s.w.s.m.m.a.RequestMappingHandlerMapping - Mapped "{[/client/edit/{clientId}],methods=[GET]}" onto public java.lang.String com.pinet.app.web.controller.ClientController.editClient(java.lang.Integer,org.springframework.ui.Model)
2017-12-31 09:42:39 [main] INFO  o.s.w.s.m.m.a.RequestMappingHandlerMapping - Mapped "{[/client/update],methods=[POST]}" onto public java.lang.String com.pinet.app.web.controller.ClientController.updateUserData(java.lang.Integer,com.pinet.app.model.ClientVO)
2017-12-31 09:42:39 [main] INFO  o.s.w.s.m.m.a.RequestMappingHandlerMapping - Mapped "{[/client/addcustomer],methods=[GET]}" onto public java.lang.String com.pinet.app.web.controller.ClientController.addCustomer(org.springframework.ui.Model)
2017-12-31 09:42:39 [main] INFO  o.s.w.s.m.m.a.RequestMappingHandlerMapping - Mapped "{[/client/assignticket/{clientId}],methods=[GET]}" onto public java.lang.String com.pinet.app.web.controller.ClientController.assignTicket(java.lang.Integer,org.springframework.ui.Model)
2017-12-31 09:42:39 [main] INFO  o.s.w.s.m.m.a.RequestMappingHandlerMapping - Mapped "{[/client],methods=[POST]}" onto public java.lang.String com.pinet.app.web.controller.ClientController.assignService(com.pinet.app.model.ClientVO)
2017-12-31 09:42:39 [main] INFO  o.s.w.s.m.m.a.RequestMappingHandlerMapping - Mapped "{[/client/clients],methods=[GET]}" onto public java.lang.String com.pinet.app.web.controller.ClientController.getAllClients(org.springframework.ui.Model)
2017-12-31 09:42:39 [main] INFO  o.s.w.s.m.m.a.RequestMappingHandlerMapping - Mapped "{[/error],produces=[text/html]}" onto public org.springframework.web.servlet.ModelAndView org.springframework.boot.autoconfigure.web.BasicErrorController.errorHtml(javax.servlet.http.HttpServletRequest,javax.servlet.http.HttpServletResponse)
2017-12-31 09:42:39 [main] INFO  o.s.w.s.m.m.a.RequestMappingHandlerMapping - Mapped "{[/error]}" onto public org.springframework.http.ResponseEntity<java.util.Map<java.lang.String, java.lang.Object>> org.springframework.boot.autoconfigure.web.BasicErrorController.error(javax.servlet.http.HttpServletRequest)
2017-12-31 09:42:39 [main] INFO  o.s.w.s.h.SimpleUrlHandlerMapping - Mapped URL path [/resources/**] onto handler of type [class org.springframework.web.servlet.resource.ResourceHttpRequestHandler]
2017-12-31 09:42:39 [main] INFO  o.s.w.s.h.SimpleUrlHandlerMapping - Mapped URL path [/webjars/**] onto handler of type [class org.springframework.web.servlet.resource.ResourceHttpRequestHandler]
2017-12-31 09:42:39 [main] INFO  o.s.w.s.h.SimpleUrlHandlerMapping - Mapped URL path [/**] onto handler of type [class org.springframework.web.servlet.resource.ResourceHttpRequestHandler]
2017-12-31 09:42:39 [main] INFO  o.s.w.s.h.SimpleUrlHandlerMapping - Mapped URL path [/**/favicon.ico] onto handler of type [class org.springframework.web.servlet.resource.ResourceHttpRequestHandler]
2017-12-31 09:42:40 [main] INFO  o.s.j.e.a.AnnotationMBeanExporter - Registering beans for JMX exposure on startup
2017-12-31 09:42:40 [main] INFO  o.s.s.a.ScheduledAnnotationBeanPostProcessor - No TaskScheduler/ScheduledExecutorService bean found for scheduled processing
2017-12-31 09:42:41 [main] INFO  o.s.b.c.e.t.TomcatEmbeddedServletContainer - Tomcat started on port(s): 8080 (http)
2017-12-31 09:42:41 [pool-2-thread-1] INFO  o.h.h.i.QueryTranslatorFactoryInitiator - HHH000397: Using ASTQueryTranslatorFactory
2017-12-31 09:42:41 [main] INFO  c.p.app.PokharaInternetApplication - Started PokharaInternetApplication in 14.114 seconds (JVM running for 15.725)
2017-12-31 09:42:42 [pool-2-thread-1] WARN  com.pinet.app.model.ScheduledTasks - DEADLINE TIME: 1050627416 OF : Ashmeet Raj Tiwari
2017-12-31 09:42:42 [pool-2-thread-1] WARN  com.pinet.app.model.ScheduledTasks - REMAINING TIME : 1242486 OF : Ashmeet Raj Tiwari
2017-12-31 09:42:51 [pool-2-thread-1] WARN  com.pinet.app.model.ScheduledTasks - DEADLINE TIME: 1050627416 OF : Ashmeet Raj Tiwari
2017-12-31 09:42:51 [pool-2-thread-1] WARN  com.pinet.app.model.ScheduledTasks - REMAINING TIME : 1242493 OF : Ashmeet Raj Tiwari
2017-12-31 09:42:52 [Thread-4] INFO  o.s.b.c.e.AnnotationConfigEmbeddedWebApplicationContext - Closing org.springframework.boot.context.embedded.AnnotationConfigEmbeddedWebApplicationContext@3712b94: startup date [Sun Dec 31 09:42:30 NPT 2017]; root of context hierarchy
2017-12-31 09:42:52 [Thread-4] INFO  o.s.j.e.a.AnnotationMBeanExporter - Unregistering JMX-exposed beans on shutdown
2017-12-31 09:42:52 [Thread-4] INFO  o.s.o.j.LocalContainerEntityManagerFactoryBean - Closing JPA EntityManagerFactory for persistence unit 'default'
